/home/travis/build/icyphy/ptII/bin/ant: Running /home/travis/build/icyphy/ptII/ant/bin/ant build test.capecode1.xml
Buildfile: /home/travis/build/icyphy/ptII/build.xml

build-message:
     [echo] Use ant -p to see other targets. JAVA_HOME=/usr/local/lib/jvm/openjdk11
     [echo] tools.jar is necessary for compilation of doc/doclets/.
     [echo] If compilation fails, try setting JAVA_HOME to the location of the JDK.
     [echo] For example:
     [echo]   [bldmastr@sisyphus ptII]$ which java
     [echo]   /usr/bin/java
     [echo]   [bldmastr@sisyphus ptII]$ ls -l /usr/bin/java
     [echo]   lrwxrwxrwx 1 root root 26 Jul 31 10:12 /usr/bin/java -> /usr/java/default/bin/java
     [echo]   [bldmastr@sisyphus ptII]$ export JAVA_HOME=/usr/java/default
     [echo]     

-build-subprojects-empty:

build-subprojects:

-check-node:

-check-node-works:
     [exec] v7.10.1

-check-npm:

-check-npm-works:
     [exec] 4.2.0

-check-if-npmjs-org-is-up:
     [echo] Check to see if https://www.npmjs.org is up.

-jsdoc-no-network-message:

-check-jsdoc:

jsdoc-install:

jsdoc-update:

-ptdoc-no-node:

-ptdoc-no-npm:

ptdoc:
     [echo] 
     [echo]       If the ptdoc target fails, then try running:
     [echo]           ant build-project build-bin
     [echo]     

-check-node:

-check-node-works:
     [exec] v7.10.1

-check-npm:

-check-npm-works:
     [exec] 4.2.0

-check-if-npmjs-org-is-up:
     [echo] Check to see if https://www.npmjs.org is up or $TRAVIS is set.

-jsdoc-no-network-message:

-check-jsdoc:
     [echo] To stop CapeCode from invoking jsdoc and svn, set the PT_NO_NET environment variable.  
     [echo]     Under BASH:
     [echo]         export PT_NO_NET=true
     [echo]     If ptdoc fails, and you are building from $PTII, try:
     [echo]         ant build-project build-bin
     [echo]     

jsdoc-install:
     [echo] npm.executable: npm
    [mkdir] Created dir: /home/travis/build/icyphy/ptII/org/terraswarm/accessor/accessors/node_modules
     [exec] /home/travis/build/icyphy/ptII/org/terraswarm/accessor/accessors
     [exec] └─┬ @terraswarm/jsdoc@3.5.1-dev 
     [exec]   ├── bluebird@3.4.7 
     [exec]   ├─┬ catharsis@0.8.10 
     [exec]   │ └── lodash@4.17.14 
     [exec]   ├── escape-string-regexp@1.0.5 
     [exec]   ├─┬ espree@3.1.7 
     [exec]   │ ├── acorn@3.3.0 
     [exec]   │ └── acorn-jsx@3.0.1 
     [exec]   ├── js2xmlparser@1.0.0 
     [exec]   ├─┬ klaw@1.3.1 
     [exec]   │ └── graceful-fs@4.2.0 
     [exec]   ├── marked@0.3.19 
     [exec]   ├─┬ mkdirp@0.5.1 
     [exec]   │ └── minimist@0.0.8 
     [exec]   ├── requizzle@0.2.2 
     [exec]   ├── strip-json-comments@2.0.1 
     [exec]   ├── taffydb@2.6.2 
     [exec]   └── underscore@1.8.3 
     [exec] 
     [exec] npm WARN enoent ENOENT: no such file or directory, open '/home/travis/build/icyphy/ptII/org/terraswarm/accessor/accessors/package.json'
     [exec] npm WARN accessors No description
     [exec] npm WARN accessors No repository field.
     [exec] npm WARN accessors No README data
     [exec] npm WARN accessors No license field.

jsdoc-update:

-ptdoc-no-node-message:

-ptdoc-no-npm-message:

-check-jsdoc-again:

-jsdoc-command-message:

ptdoc:
     [echo] Invoke /home/travis/build/icyphy/ptII/org/terraswarm/accessor/accessors/web/../node_modules/@terraswarm/jsdoc/jsdoc.js to read *.js files and generate *PtDoc.xml files suitable for Ptolemy.
     [echo]     See https://chess.eecs.berkeley.edu/ptexternal/wiki/Main/JSDocSystems
     [echo]     See jsdoc/jsdoc.json
     [echo]     See jsdoc/plugins/accessorJSDocTags.js
     [echo]     See jsdoc/templates/ptdoc/publish.js
     [echo] 
     [echo]     If the ptdoc target fails, the there is likely a problem with node or npm.  It is possible
     [echo]     to use CapeCode even if the ptdoc target fails.
     [echo]     
     [echo]     If you are building from $PTII, try:
     [echo]         ant build-project build-bin
     [echo] 
     [echo]     
     [exec] Generating output files...
     [exec] Finished running in 18.33 seconds.

build-project:
     [echo] ptII: /home/travis/build/icyphy/ptII/build.xml
    [javac] Compiling 4288 source files to /home/travis/build/icyphy/ptII
    [javac] warning: [options] bootstrap class path not set in conjunction with -source 10
    [javac] /home/travis/build/icyphy/ptII/ptolemy/util/StringUtilities.java:48: warning: Unsafe is internal proprietary API and may be removed in a future release
    [javac] import sun.misc.Unsafe;
    [javac]                ^
    [javac] /home/travis/build/icyphy/ptII/ptolemy/actor/lib/jjs/JavaScript.java:2673: warning: [removal] ScriptObjectMirror in jdk.nashorn.api.scripting has been deprecated and marked for removal
    [javac]                 if (possibilities instanceof ScriptObjectMirror) {
    [javac]                                              ^
    [javac] /home/travis/build/icyphy/ptII/ptolemy/actor/lib/jjs/JavaScript.java:2674: warning: [removal] ScriptObjectMirror in jdk.nashorn.api.scripting has been deprecated and marked for removal
    [javac]                     choices = ((ScriptObjectMirror) possibilities).values();
    [javac]                                 ^
    [javac] /home/travis/build/icyphy/ptII/ptolemy/actor/lib/jjs/HelperBase.java:71: warning: [removal] ScriptObjectMirror in jdk.nashorn.api.scripting has been deprecated and marked for removal
    [javac]     public HelperBase(Object actor, ScriptObjectMirror helping) {
    [javac]                                     ^
    [javac] /home/travis/build/icyphy/ptII/ptolemy/actor/lib/jjs/HelperBase.java:93: warning: [removal] ScriptObjectMirror in jdk.nashorn.api.scripting has been deprecated and marked for removal
    [javac]     public ScriptObjectMirror getHelping() {
    [javac]            ^
    [javac] /home/travis/build/icyphy/ptII/ptolemy/actor/lib/jjs/HelperBase.java:178: warning: [removal] ScriptObjectMirror in jdk.nashorn.api.scripting has been deprecated and marked for removal
    [javac]     protected void _error(ScriptObjectMirror emitter, final String message) {
    [javac]                           ^
    [javac] /home/travis/build/icyphy/ptII/ptolemy/actor/lib/jjs/HelperBase.java:202: warning: [removal] ScriptObjectMirror in jdk.nashorn.api.scripting has been deprecated and marked for removal
    [javac]     protected void _error(ScriptObjectMirror emitter, final String message,
    [javac]                           ^
    [javac] /home/travis/build/icyphy/ptII/ptolemy/actor/lib/jjs/HelperBase.java:462: warning: [removal] ScriptObjectMirror in jdk.nashorn.api.scripting has been deprecated and marked for removal
    [javac]         if (object instanceof ScriptObjectMirror /* || object instanceof NativeArray*/) {
    [javac]                               ^
    [javac] /home/travis/build/icyphy/ptII/ptolemy/actor/lib/jjs/HelperBase.java:465: warning: [removal] ScriptObjectMirror in jdk.nashorn.api.scripting has been deprecated and marked for removal
    [javac]             ScriptObjectMirror objectMirror = ((ScriptObjectMirror) object);
    [javac]             ^
    [javac] /home/travis/build/icyphy/ptII/ptolemy/actor/lib/jjs/HelperBase.java:465: warning: [removal] ScriptObjectMirror in jdk.nashorn.api.scripting has been deprecated and marked for removal
    [javac]             ScriptObjectMirror objectMirror = ((ScriptObjectMirror) object);
    [javac]                                                 ^
    [javac] /home/travis/build/icyphy/ptII/ptolemy/actor/lib/jjs/HelperBase.java:537: warning: [removal] ScriptObjectMirror in jdk.nashorn.api.scripting has been deprecated and marked for removal
    [javac]     protected ScriptObjectMirror _currentObj;
    [javac]               ^
    [javac] /home/travis/build/icyphy/ptII/ptolemy/actor/lib/jjs/NashornAccessorHostApplication.java:459: warning: [removal] ScriptObjectMirror in jdk.nashorn.api.scripting has been deprecated and marked for removal
    [javac]         public void setTopLevelAccessor(ScriptObjectMirror accessor) {
    [javac]                                         ^
    [javac] /home/travis/build/icyphy/ptII/ptolemy/actor/lib/jjs/VertxHelperBase.java:286: warning: [removal] ScriptObjectMirror in jdk.nashorn.api.scripting has been deprecated and marked for removal
    [javac]     protected VertxHelperBase(Object actor, ScriptObjectMirror helping) {
    [javac]                                             ^
    [javac] /home/travis/build/icyphy/ptII/ptolemy/actor/lib/jjs/VertxHelperBase.java:300: warning: [removal] ScriptObjectMirror in jdk.nashorn.api.scripting has been deprecated and marked for removal
    [javac]     protected VertxHelperBase(Object actor, ScriptObjectMirror helping,
    [javac]                                             ^
    [javac] /home/travis/build/icyphy/ptII/ptolemy/actor/lib/jjs/modules/audio/AudioHelper.java:71: warning: [removal] ScriptObjectMirror in jdk.nashorn.api.scripting has been deprecated and marked for removal
    [javac]     public AudioHelper(Object actor, ScriptObjectMirror currentObj) {
    [javac]                                      ^
    [javac] /home/travis/build/icyphy/ptII/ptolemy/actor/lib/jjs/modules/audio/ClipPlayerHelper.java:57: warning: [removal] ScriptObjectMirror in jdk.nashorn.api.scripting has been deprecated and marked for removal
    [javac]     public ClipPlayerHelper(Object actor, ScriptObjectMirror helping) {
    [javac]                                           ^
    [javac] /home/travis/build/icyphy/ptII/ptolemy/actor/lib/jjs/modules/cameras/CameraHelper.java:107: warning: [removal] ScriptObjectMirror in jdk.nashorn.api.scripting has been deprecated and marked for removal
    [javac]     public CameraHelper(Object actor, ScriptObjectMirror currentObj)
    [javac]                                       ^
    [javac] /home/travis/build/icyphy/ptII/ptolemy/actor/lib/jjs/modules/cameras/CameraHelper.java:121: warning: [removal] ScriptObjectMirror in jdk.nashorn.api.scripting has been deprecated and marked for removal
    [javac]     public CameraHelper(Object actor, ScriptObjectMirror currentObj,
    [javac]                                       ^
    [javac] /home/travis/build/icyphy/ptII/ptolemy/actor/lib/jjs/modules/crypto/CryptoHelper.java:81: warning: [removal] ScriptObjectMirror in jdk.nashorn.api.scripting has been deprecated and marked for removal
    [javac]     public CryptoHelper(Object actor, ScriptObjectMirror currentObj) {
    [javac]                                       ^
    [javac] /home/travis/build/icyphy/ptII/ptolemy/actor/lib/jjs/modules/dataConverter/DataConverterHelper.java:58: warning: [removal] ScriptObjectMirror in jdk.nashorn.api.scripting has been deprecated and marked for removal
    [javac]     public DataConverterHelper(Object actor, ScriptObjectMirror currentObj) {
    [javac]                                              ^
    [javac] /home/travis/build/icyphy/ptII/ptolemy/actor/lib/jjs/modules/eventbus/EventBusHelper.java:95: warning: [removal] ScriptObjectMirror in jdk.nashorn.api.scripting has been deprecated and marked for removal
    [javac]     public EventBusHelper(Object actor, ScriptObjectMirror vertxBusJS,
    [javac]                                         ^
    [javac] /home/travis/build/icyphy/ptII/ptolemy/actor/lib/jjs/modules/eventbus/EventBusHelper.java:277: warning: [removal] ScriptObjectMirror in jdk.nashorn.api.scripting has been deprecated and marked for removal
    [javac]     private ScriptObjectMirror _vertxBusJS;
    [javac]             ^
    [javac] /home/travis/build/icyphy/ptII/ptolemy/actor/lib/jjs/modules/httpClient/HttpClientHelper.java:132: warning: [removal] ScriptObjectMirror in jdk.nashorn.api.scripting has been deprecated and marked for removal
    [javac]     public void request(ScriptObjectMirror currentObj,
    [javac]                         ^
    [javac] /home/travis/build/icyphy/ptII/ptolemy/actor/lib/jjs/modules/httpClient/HttpClientHelper.java:148: warning: [removal] ScriptObjectMirror in jdk.nashorn.api.scripting has been deprecated and marked for removal
    [javac]             ScriptObjectMirror helping) {
    [javac]             ^
    [javac] /home/travis/build/icyphy/ptII/ptolemy/actor/lib/jjs/modules/httpClient/HttpClientHelper.java:212: warning: [removal] ScriptObjectMirror in jdk.nashorn.api.scripting has been deprecated and marked for removal
    [javac]     protected HttpClientHelper(Object actor, ScriptObjectMirror helping) {
    [javac]                                              ^
    [javac] /home/travis/build/icyphy/ptII/ptolemy/actor/lib/jjs/modules/httpClient/HttpClientHelper.java:221: warning: [removal] ScriptObjectMirror in jdk.nashorn.api.scripting has been deprecated and marked for removal
    [javac]     protected HttpClientHelper(Object actor, ScriptObjectMirror helping,
    [javac]                                              ^
    [javac] /home/travis/build/icyphy/ptII/ptolemy/actor/lib/jjs/modules/httpClient/HttpClientHelper.java:246: warning: [removal] ScriptObjectMirror in jdk.nashorn.api.scripting has been deprecated and marked for removal
    [javac]         protected ScriptObjectMirror _requestObj;
    [javac]                   ^
    [javac] /home/travis/build/icyphy/ptII/ptolemy/actor/lib/jjs/modules/httpClient/HttpClientHelper.java:248: warning: [removal] ScriptObjectMirror in jdk.nashorn.api.scripting has been deprecated and marked for removal
    [javac]         public HttpClientExceptionHandler(ScriptObjectMirror requestObj,
    [javac]                                           ^
    [javac] /home/travis/build/icyphy/ptII/ptolemy/actor/lib/jjs/modules/httpClient/HttpClientHelper.java:310: warning: [removal] ScriptObjectMirror in jdk.nashorn.api.scripting has been deprecated and marked for removal
    [javac]         protected ScriptObjectMirror _requestObj;
    [javac]                   ^
    [javac] /home/travis/build/icyphy/ptII/ptolemy/actor/lib/jjs/modules/httpClient/HttpClientHelper.java:312: warning: [removal] ScriptObjectMirror in jdk.nashorn.api.scripting has been deprecated and marked for removal
    [javac]         public HttpClientResponseHandler(ScriptObjectMirror requestObj,
    [javac]                                          ^
    [javac] /home/travis/build/icyphy/ptII/ptolemy/actor/lib/jjs/modules/httpClient/HttpClientHelper.java:604: warning: [removal] ScriptObjectMirror in jdk.nashorn.api.scripting has been deprecated and marked for removal
    [javac]         protected ScriptObjectMirror _requestObj;
    [javac]                   ^
    [javac] /home/travis/build/icyphy/ptII/ptolemy/actor/lib/jjs/modules/httpClient/HttpClientHelper.java:606: warning: [removal] ScriptObjectMirror in jdk.nashorn.api.scripting has been deprecated and marked for removal
    [javac]         public StartHttpRequest(ScriptObjectMirror requestObj,
    [javac]                                 ^
    [javac] /home/travis/build/icyphy/ptII/ptolemy/actor/lib/jjs/modules/httpServer/HttpServerHelper.java:138: warning: [removal] ScriptObjectMirror in jdk.nashorn.api.scripting has been deprecated and marked for removal
    [javac]             ScriptObjectMirror currentObj, String hostInterface, int port) {
    [javac]             ^
    [javac] /home/travis/build/icyphy/ptII/ptolemy/actor/lib/jjs/modules/httpServer/HttpServerHelper.java:306: warning: [removal] ScriptObjectMirror in jdk.nashorn.api.scripting has been deprecated and marked for removal
    [javac]     private HttpServerHelper(Object actor, ScriptObjectMirror currentObj,
    [javac]                                            ^
    [javac] /home/travis/build/icyphy/ptII/ptolemy/actor/lib/jjs/modules/mqtt/MQTTHelper.java:73: warning: [removal] ScriptObjectMirror in jdk.nashorn.api.scripting has been deprecated and marked for removal
    [javac]     public MQTTHelper(Object actor, ScriptObjectMirror helping) {
    [javac]                                     ^
    [javac] /home/travis/build/icyphy/ptII/ptolemy/actor/lib/jjs/modules/mqtt/MQTTHelper.java:89: warning: [removal] ScriptObjectMirror in jdk.nashorn.api.scripting has been deprecated and marked for removal
    [javac]             ScriptObjectMirror helping) {
    [javac]             ^
    [javac] /home/travis/build/icyphy/ptII/ptolemy/actor/lib/jjs/modules/mqtt/MQTTHelper.java:146: warning: [removal] ScriptObjectMirror in jdk.nashorn.api.scripting has been deprecated and marked for removal
    [javac]         public MQTTClientWrapper(ScriptObjectMirror currentObj, int port,
    [javac]                                  ^
    [javac] /home/travis/build/icyphy/ptII/ptolemy/actor/lib/jjs/modules/mqtt/MQTTHelper.java:298: warning: [removal] ScriptObjectMirror in jdk.nashorn.api.scripting has been deprecated and marked for removal
    [javac]         private ScriptObjectMirror _currentObj;
    [javac]                 ^
    [javac] /home/travis/build/icyphy/ptII/ptolemy/actor/lib/jjs/modules/serial/SerialHelper.java:77: warning: [removal] ScriptObjectMirror in jdk.nashorn.api.scripting has been deprecated and marked for removal
    [javac]     public SerialHelper(Object actor, ScriptObjectMirror helping,
    [javac]                                       ^
    [javac] /home/travis/build/icyphy/ptII/ptolemy/actor/lib/jjs/modules/shell/ShellHelper.java:74: warning: [removal] ScriptObjectMirror in jdk.nashorn.api.scripting has been deprecated and marked for removal
    [javac]     public static ShellHelper createShell(ScriptObjectMirror scriptObjectMirror,
    [javac]                                           ^
    [javac] /home/travis/build/icyphy/ptII/ptolemy/actor/lib/jjs/modules/shell/ShellHelper.java:148: warning: [removal] ScriptObjectMirror in jdk.nashorn.api.scripting has been deprecated and marked for removal
    [javac]     private ShellHelper(ScriptObjectMirror currentObj, String command) {
    [javac]                         ^
    [javac] /home/travis/build/icyphy/ptII/ptolemy/actor/lib/jjs/modules/shell/ShellHelper.java:232: warning: [removal] ScriptObjectMirror in jdk.nashorn.api.scripting has been deprecated and marked for removal
    [javac]     private ScriptObjectMirror _currentObj;
    [javac]             ^
    [javac] /home/travis/build/icyphy/ptII/ptolemy/actor/lib/jjs/modules/socket/SocketHelper.java:98: warning: [removal] ScriptObjectMirror in jdk.nashorn.api.scripting has been deprecated and marked for removal
    [javac]     public SocketHelper(Object actor, ScriptObjectMirror helping) {
    [javac]                                       ^
    [javac] /home/travis/build/icyphy/ptII/ptolemy/actor/lib/jjs/modules/socket/SocketHelper.java:122: warning: [removal] ScriptObjectMirror in jdk.nashorn.api.scripting has been deprecated and marked for removal
    [javac]     public void openClientSocket(final ScriptObjectMirror socketClient,
    [javac]                                        ^
    [javac] /home/travis/build/icyphy/ptII/ptolemy/actor/lib/jjs/modules/socket/SocketHelper.java:246: warning: [removal] ScriptObjectMirror in jdk.nashorn.api.scripting has been deprecated and marked for removal
    [javac]             ScriptObjectMirror helping) {
    [javac]             ^
    [javac] /home/travis/build/icyphy/ptII/ptolemy/actor/lib/jjs/modules/socket/SocketHelper.java:298: warning: [removal] ScriptObjectMirror in jdk.nashorn.api.scripting has been deprecated and marked for removal
    [javac]     public void startServer(final ScriptObjectMirror socketServer,
    [javac]                                   ^
    [javac] /home/travis/build/icyphy/ptII/ptolemy/actor/lib/jjs/modules/socket/SocketHelper.java:548: warning: [removal] ScriptObjectMirror in jdk.nashorn.api.scripting has been deprecated and marked for removal
    [javac]         public SocketWrapper(ScriptObjectMirror eventEmitter, Object socket,
    [javac]                              ^
    [javac] /home/travis/build/icyphy/ptII/ptolemy/actor/lib/jjs/modules/socket/SocketHelper.java:1015: warning: [removal] ScriptObjectMirror in jdk.nashorn.api.scripting has been deprecated and marked for removal
    [javac]         private ScriptObjectMirror _eventEmitter;
    [javac]                 ^
    [javac] /home/travis/build/icyphy/ptII/ptolemy/actor/lib/jjs/modules/speechRecognition/SpeechRecognitionHelper.java:92: warning: [removal] ScriptObjectMirror in jdk.nashorn.api.scripting has been deprecated and marked for removal
    [javac]     public SpeechRecognitionHelper(Object actor, ScriptObjectMirror helping,
    [javac]                                                  ^
    [javac] /home/travis/build/icyphy/ptII/ptolemy/actor/lib/jjs/modules/speechRecognition/SpeechRecognitionHelper.java:93: warning: [removal] ScriptObjectMirror in jdk.nashorn.api.scripting has been deprecated and marked for removal
    [javac]             ScriptObjectMirror options) throws IllegalActionException {
    [javac]             ^
    [javac] /home/travis/build/icyphy/ptII/ptolemy/actor/lib/jjs/modules/speechRecognition/SpeechRecognitionHelper.java:167: warning: [removal] ScriptObjectMirror in jdk.nashorn.api.scripting has been deprecated and marked for removal
    [javac]     public void setOptions(ScriptObjectMirror options)
    [javac]                            ^
    [javac] /home/travis/build/icyphy/ptII/ptolemy/actor/lib/jjs/modules/textDisplay/TextDisplayHelper.java:66: warning: [removal] ScriptObjectMirror in jdk.nashorn.api.scripting has been deprecated and marked for removal
    [javac]     public TextDisplayHelper(Object actor, ScriptObjectMirror currentObj) {
    [javac]                                            ^
    [javac] /home/travis/build/icyphy/ptII/ptolemy/actor/lib/jjs/modules/textDisplay/TextDisplayHelper.java:75: warning: [removal] ScriptObjectMirror in jdk.nashorn.api.scripting has been deprecated and marked for removal
    [javac]     public TextDisplayHelper(Object actor, ScriptObjectMirror currentObj,
    [javac]                                            ^
    [javac] /home/travis/build/icyphy/ptII/ptolemy/actor/lib/jjs/modules/udpSocket/UDPSocketHelper.java:71: warning: [removal] ScriptObjectMirror in jdk.nashorn.api.scripting has been deprecated and marked for removal
    [javac]     public UDPSocketHelper(Object actor, ScriptObjectMirror helping) {
    [javac]                                          ^
    [javac] /home/travis/build/icyphy/ptII/ptolemy/actor/lib/jjs/modules/udpSocket/UDPSocketHelper.java:83: warning: [removal] ScriptObjectMirror in jdk.nashorn.api.scripting has been deprecated and marked for removal
    [javac]     public UDPSocket createSocket(ScriptObjectMirror scriptObjectMirror,
    [javac]                                   ^
    [javac] /home/travis/build/icyphy/ptII/ptolemy/actor/lib/jjs/modules/udpSocket/UDPSocketHelper.java:97: warning: [removal] ScriptObjectMirror in jdk.nashorn.api.scripting has been deprecated and marked for removal
    [javac]             ScriptObjectMirror helping) {
    [javac]             ^
    [javac] /home/travis/build/icyphy/ptII/ptolemy/actor/lib/jjs/modules/udpSocket/UDPSocketHelper.java:139: warning: [removal] ScriptObjectMirror in jdk.nashorn.api.scripting has been deprecated and marked for removal
    [javac]         public UDPSocket(ScriptObjectMirror currentObj,
    [javac]                          ^
    [javac] /home/travis/build/icyphy/ptII/ptolemy/actor/lib/jjs/modules/udpSocket/UDPSocketHelper.java:161: warning: [removal] ScriptObjectMirror in jdk.nashorn.api.scripting has been deprecated and marked for removal
    [javac]                 final ScriptObjectMirror callback) {
    [javac]                       ^
    [javac] /home/travis/build/icyphy/ptII/ptolemy/actor/lib/jjs/modules/udpSocket/UDPSocketHelper.java:249: warning: [removal] ScriptObjectMirror in jdk.nashorn.api.scripting has been deprecated and marked for removal
    [javac]                 final String hostname, final ScriptObjectMirror callback) {
    [javac]                                              ^
    [javac] /home/travis/build/icyphy/ptII/ptolemy/actor/lib/jjs/modules/udpSocket/UDPSocketHelper.java:263: warning: [removal] ScriptObjectMirror in jdk.nashorn.api.scripting has been deprecated and marked for removal
    [javac]                 } else if (data instanceof ScriptObjectMirror) {
    [javac]                                            ^
    [javac] /home/travis/build/icyphy/ptII/ptolemy/actor/lib/jjs/modules/udpSocket/UDPSocketHelper.java:277: warning: [removal] ScriptObjectMirror in jdk.nashorn.api.scripting has been deprecated and marked for removal
    [javac]                         for (Object element : ((ScriptObjectMirror) data)
    [javac]                                                 ^
    [javac] /home/travis/build/icyphy/ptII/ptolemy/actor/lib/jjs/modules/udpSocket/UDPSocketHelper.java:285: warning: [removal] ScriptObjectMirror in jdk.nashorn.api.scripting has been deprecated and marked for removal
    [javac]                         for (Object element : ((ScriptObjectMirror) data)
    [javac]                                                 ^
    [javac] /home/travis/build/icyphy/ptII/ptolemy/actor/lib/jjs/modules/udpSocket/UDPSocketHelper.java:468: warning: [removal] ScriptObjectMirror in jdk.nashorn.api.scripting has been deprecated and marked for removal
    [javac]         private ScriptObjectMirror _currentObj;
    [javac]                 ^
    [javac] /home/travis/build/icyphy/ptII/ptolemy/actor/lib/jjs/modules/userInterface/VertxBrowserHelper.java:73: warning: [removal] ScriptObjectMirror in jdk.nashorn.api.scripting has been deprecated and marked for removal
    [javac]     public VertxBrowserHelper(Object actor, ScriptObjectMirror currentObj)
    [javac]                                             ^
    [javac] /home/travis/build/icyphy/ptII/ptolemy/actor/lib/jjs/modules/webSocket/WebSocketHelper.java:138: warning: [removal] ScriptObjectMirror in jdk.nashorn.api.scripting has been deprecated and marked for removal
    [javac]             ScriptObjectMirror currentObj, String host, boolean sslTls,
    [javac]             ^
    [javac] /home/travis/build/icyphy/ptII/ptolemy/actor/lib/jjs/modules/webSocket/WebSocketHelper.java:170: warning: [removal] ScriptObjectMirror in jdk.nashorn.api.scripting has been deprecated and marked for removal
    [javac]             ScriptObjectMirror currentObj, WebSocketBase serverWebSocket,
    [javac]             ^
    [javac] /home/travis/build/icyphy/ptII/ptolemy/actor/lib/jjs/modules/webSocket/WebSocketHelper.java:471: warning: [removal] ScriptObjectMirror in jdk.nashorn.api.scripting has been deprecated and marked for removal
    [javac]     private WebSocketHelper(Object actor, ScriptObjectMirror currentObj,
    [javac]                                           ^
    [javac] /home/travis/build/icyphy/ptII/ptolemy/actor/lib/jjs/modules/webSocket/WebSocketHelper.java:542: warning: [removal] ScriptObjectMirror in jdk.nashorn.api.scripting has been deprecated and marked for removal
    [javac]     private WebSocketHelper(Object actor, ScriptObjectMirror currentObj,
    [javac]                                           ^
    [javac] /home/travis/build/icyphy/ptII/ptolemy/actor/lib/jjs/modules/webSocket/WebSocketServerHelper.java:123: warning: [removal] ScriptObjectMirror in jdk.nashorn.api.scripting has been deprecated and marked for removal
    [javac]             ScriptObjectMirror currentObj, String hostInterface, boolean sslTls,
    [javac]             ^
    [javac] /home/travis/build/icyphy/ptII/ptolemy/actor/lib/jjs/modules/webSocket/WebSocketServerHelper.java:304: warning: [removal] ScriptObjectMirror in jdk.nashorn.api.scripting has been deprecated and marked for removal
    [javac]     private WebSocketServerHelper(Object actor, ScriptObjectMirror currentObj,
    [javac]                                                 ^
    [javac] /home/travis/build/icyphy/ptII/ptolemy/actor/lib/jjs/modules/xbee/XBeeHelper.java:69: warning: [removal] ScriptObjectMirror in jdk.nashorn.api.scripting has been deprecated and marked for removal
    [javac]     public XBeeHelper(Object actor, ScriptObjectMirror helping, String portName,
    [javac]                                     ^
    [javac] /home/travis/build/icyphy/ptII/ptolemy/util/StringUtilities.java:118: warning: Unsafe is internal proprietary API and may be removed in a future release
    [javac]             Field theUnsafe = Unsafe.class.getDeclaredField("theUnsafe");
    [javac]                               ^
    [javac] /home/travis/build/icyphy/ptII/ptolemy/util/StringUtilities.java:120: warning: Unsafe is internal proprietary API and may be removed in a future release
    [javac]             Unsafe unsafe = (Unsafe) theUnsafe.get(null);
    [javac]             ^
    [javac] /home/travis/build/icyphy/ptII/ptolemy/util/StringUtilities.java:120: warning: Unsafe is internal proprietary API and may be removed in a future release
    [javac]             Unsafe unsafe = (Unsafe) theUnsafe.get(null);
    [javac]                              ^
    [javac] Note: Some input files use or override a deprecated API.
    [javac] Note: Recompile with -Xlint:deprecation for details.
    [javac] Note: Some input files use unchecked or unsafe operations.
    [javac] Note: Recompile with -Xlint:unchecked for details.
    [javac] 75 warnings

-check-ptII-mk-file:

-check-bin-vergil:

-check-make-bin-vergil:

build-bin-not:

build-not-bin-vergil:
     [echo] 
     [echo] 	$PTII/bin/vergil does not exist, perhaps (cd $PTII/bin; make) has not been run?
     [echo] 	This can happen if the make binary cannot be found in the path or if $PTII/mk/ptII.mk
     [echo] 	is not present.
     [echo] 	Skipping running make in $PTII/bin, which creates scripts like $PTII/bin/vergil.
     [echo] 	This is only an issue if you want to invoke "$PTII/bin/vergil" instead of "ant vergil".
     [echo] 	However, $PTII/bin does include other scripts that may be of use.
     [echo]       

build-bin:
     [exec] for file in .momllib-util .nc2moml-util .ncapp2moml-util capecode convertToLazy copernicus decompile emachine giottoc histogram homer jode mescal moml obfuscate ptcg ptcodegen ptexecute ptjacl ptjaclapp ptplot ptstartjini ptolemy ptweb pxgraph soot tinicomm tinic tiniconverter startjini.gui vergil; do \
     [exec] 	echo "$file"; \
     [exec] 	rm -f "$file"; \
     [exec] 	ln -s ptinvoke "$file"; \
     [exec] 	chmod a+x "$file"; \
     [exec] done
     [exec] .momllib-util
     [exec] .nc2moml-util
     [exec] .ncapp2moml-util
     [exec] capecode
     [exec] convertToLazy
     [exec] copernicus
     [exec] decompile
     [exec] emachine
     [exec] giottoc
     [exec] histogram
     [exec] homer
     [exec] jode
     [exec] mescal
     [exec] moml
     [exec] obfuscate
     [exec] ptcg
     [exec] ptcodegen
     [exec] ptexecute
     [exec] ptjacl
     [exec] ptjaclapp
     [exec] ptplot
     [exec] ptstartjini
     [exec] ptolemy
     [exec] ptweb
     [exec] pxgraph
     [exec] soot
     [exec] tinicomm
     [exec] tinic
     [exec] tiniconverter
     [exec] startjini.gui
     [exec] vergil
     [exec] rm -f makebat
     [exec] ln -s ptinvoke makebat
     [exec] rm -f ".momllib-util.bat"
     [exec] ./makebat -q "`basename .momllib-util.bat .bat`"
     [exec] rm -f ".nc2moml-util.bat"
     [exec] ./makebat -q "`basename .nc2moml-util.bat .bat`"
     [exec] rm -f ".ncapp2moml-util.bat"
     [exec] ./makebat -q "`basename .ncapp2moml-util.bat .bat`"
     [exec] rm -f "capecode.bat"
     [exec] ./makebat -q "`basename capecode.bat .bat`"
     [exec] rm -f "convertToLazy.bat"
     [exec] ./makebat -q "`basename convertToLazy.bat .bat`"
     [exec] rm -f "copernicus.bat"
     [exec] ./makebat -q "`basename copernicus.bat .bat`"
     [exec] rm -f "decompile.bat"
     [exec] ./makebat -q "`basename decompile.bat .bat`"
     [exec] rm -f "emachine.bat"
     [exec] ./makebat -q "`basename emachine.bat .bat`"
     [exec] rm -f "giottoc.bat"
     [exec] ./makebat -q "`basename giottoc.bat .bat`"
     [exec] rm -f "histogram.bat"
     [exec] ./makebat -q "`basename histogram.bat .bat`"
     [exec] rm -f "homer.bat"
     [exec] ./makebat -q "`basename homer.bat .bat`"
     [exec] rm -f "jode.bat"
     [exec] ./makebat -q "`basename jode.bat .bat`"
     [exec] rm -f "mescal.bat"
     [exec] ./makebat -q "`basename mescal.bat .bat`"
     [exec] LD_LIBRARY_PATH = /home/travis/build/icyphy/ptII/mescal/lib:/home/travis/build/icyphy/ptII/mescal/bin:/usr/local/lib:/home/travis/build/icyphy/ptII/lib:/home/travis/pthla/certi-tools/lib:/home/travis/pthla/certi-tools/lib:/usr/lib/jni:/usr/local/share/OpenCV/java/:/usr/share/OpenCV/java:
     [exec] rm -f "moml.bat"
     [exec] ./makebat -q "`basename moml.bat .bat`"
     [exec] rm -f "obfuscate.bat"
     [exec] ./makebat -q "`basename obfuscate.bat .bat`"
     [exec] rm -f "ptcg.bat"
     [exec] ./makebat -q "`basename ptcg.bat .bat`"
     [exec] rm -f "ptcodegen.bat"
     [exec] ./makebat -q "`basename ptcodegen.bat .bat`"
     [exec] rm -f "ptexecute.bat"
     [exec] ./makebat -q "`basename ptexecute.bat .bat`"
     [exec] rm -f "ptjacl.bat"
     [exec] ./makebat -q "`basename ptjacl.bat .bat`"
     [exec] rm -f "ptjaclapp.bat"
     [exec] ./makebat -q "`basename ptjaclapp.bat .bat`"
     [exec] rm -f "ptplot.bat"
     [exec] ./makebat -q "`basename ptplot.bat .bat`"
     [exec] rm -f "ptstartjini.bat"
     [exec] ./makebat -q "`basename ptstartjini.bat .bat`"
     [exec] rm -f "ptolemy.bat"
     [exec] ./makebat -q "`basename ptolemy.bat .bat`"
     [exec] rm -f "ptweb.bat"
     [exec] ./makebat -q "`basename ptweb.bat .bat`"
     [exec] rm -f "pxgraph.bat"
     [exec] ./makebat -q "`basename pxgraph.bat .bat`"
     [exec] rm -f "soot.bat"
     [exec] ./makebat -q "`basename soot.bat .bat`"
     [exec] rm -f "tinicomm.bat"
     [exec] ./makebat -q "`basename tinicomm.bat .bat`"
     [exec] rm -f "tinic.bat"
     [exec] ./makebat -q "`basename tinic.bat .bat`"
     [exec] rm -f "tiniconverter.bat"
     [exec] ./makebat -q "`basename tiniconverter.bat .bat`"
     [exec] rm -f "startjini.gui.bat"
     [exec] ./makebat -q "`basename startjini.gui.bat .bat`"
     [exec] rm -f "vergil.bat"
     [exec] ./makebat -q "`basename vergil.bat .bat`"
     [exec] rm -f makeapp
     [exec] ln -s ptinvoke makeapp
     [exec] Cloning into 'universalJavaApplicationStub'...
     [exec] chmod a+x ptinvoke makeapp
     [exec] ./makeapp CapeCode.app CAPECODE -capecode
     [exec] ./makeapp: /home/travis/build/icyphy/ptII/vendors/universalJavaApplicationStub/src/universalJavaApplicationStub does not exist, creating it from GitHub.
     [exec] Updating universalJavaApplicationStub from /home/travis/build/icyphy/ptII/vendors/universalJavaApplicationStub/src/universalJavaApplicationStub
     [exec] Unrecognized option: -d32
     [exec] Error: Could not create the Java Virtual Machine.
     [exec] Error: A fatal exception has occurred. Program will exit.
     [exec] configure: WARNING: Running java -d32 -version failed,
     [exec]     and ./bin/java does not exist.
     [exec]     Perhaps you need to install a separate 32-bit JVM
     [exec]     or rerun configure with --with-java32?
     [exec]     The 32-bit JVM is only needed for certain 32-bit FMI tests.
     [exec]     In general, under a 64-bit JVM, FMI will work fine without a 32-bit JVM.
     [exec] configure: WARNING: Cannot find '/usr/local/lib/jvm/openjdk10/bin/javaws'.
     [exec]     or '/Commands/javaws', looking in the path.
     [exec]     This is only a problem when testing the Java Webstart (JNLP) files.
     [exec] configure: WARNING: The javaws command "" is not executable or not found.
     [exec]     This is only a problem when testing the Java Webstart (JNLP) files.
     [exec] configure: WARNING: Failed to find /usr/local/include/boost/numeric/odeint.hpp
     [exec]     This is only a problem if you want to rebuild the Functional
     [exec]     Mock-up Interface ++ C files in actor/lib/fmi/fmipp.
     [exec]     Most users can use the shared libraries in /home/travis/build/icyphy/ptII/lib or /home/travis/build/icyphy/ptII/bin.
     [exec] configure: WARNING: Failed to find Checkstyle in /home/travis/build/icyphy/ptII/vendors/checkstyle-6.2
     [exec]     Checkstyle is only necessary for code cleaning.
     [exec]     Checkstyle is LGPL'd, so while it could be in the ptII repo, we don't add it.
     [exec]     Checkstyle may be downloaded from http://checkstyle.sourceforge.net/
     [exec] configure: WARNING: Did not find /home/travis/build/icyphy/ptII/vendors/misc/colt/colt.jar,
     [exec]     using /home/travis/build/icyphy/ptII/lib/ptcolt.jar
     [exec] CORBATest.java:28: error: package org.omg.CORBA is not visible
     [exec] import org.omg.CORBA.Object;
     [exec]               ^
     [exec]   (package org.omg.CORBA is declared in module java.corba, which is not in the module graph)
     [exec] CORBATest.java:46: error: package org.omg.CORBA is not visible
     [exec]     public static org.omg.CORBA.Object corbaObject = null;
     [exec]                          ^
     [exec]   (package org.omg.CORBA is declared in module java.corba, which is not in the module graph)
     [exec] 2 errors
     [exec] configure: WARNING: '"/usr/local/lib/jvm/openjdk10/bin/javac" CORBATest.java' failed.
     [exec]     perhaps you are running an JDK 1.9?
     [exec]     You will not be able to run the ptolemy.actor.corba actors,
     [exec]     which is probably not a problem.
     [exec] configure: WARNING: Failed to find Cobertura in /home/travis/build/icyphy/ptII/vendors/corbertura-2.0.3
     [exec]     Cobertura is only necessary to for code coverage.
     [exec]     Cobertura is GPL'd, so we don't check it in to the ptII repository.
     [exec]     Cobertura may be downloaded from http://cobertura.github.io/cobertura/
     [exec] configure: WARNING: Failed to find CUnit in /usr/local or
     [exec]     /home/travis/build/icyphy/ptII/vendors/CUnit.
     [exec]     CUnit is only necessary to test the C templates of the code generation facility
     [exec] configure: WARNING: Could not find tools.jar, checking for classes.jar
     [exec] configure: WARNING: Could not find tools.jar or classes.jar in
     [exec]     PTJAVA_HOME = /usr/local/lib/jvm/openjdk10
     [exec]     Usually, tools.jar is in PTJAVA_HOME/../lib/tools.jar
     [exec]     or classes.jar is in PTJAVA_HOME/../Classes/classes.jar
     [exec]     Since tools.jar and classes.jar cannot be found,
     [exec]     we will not use doclets from ptII/doc/doclets, which
     [exec]     means that the actor documentation index system will not work.
     [exec] configure: WARNING: Failed to find /home/travis/build/icyphy/ptII/vendors/mbed/gcc-arm/bin/arm-none-eabi-gcc
     [exec]     so the Mbed CG facility will not be run.
     [exec] JAITest.java:28: error: package javax.media.jai does not exist
     [exec] import javax.media.jai.*;
     [exec] ^
     [exec] 1 error
     [exec] configure: WARNING: JAI not found in the default classpath
     [exec] configure: WARNING: Failed to find /usr/local/jmodelica/include/jmi.h
     [exec]     which is part of JModelica.
     [exec]     Ptolemy optionally includes one or more FMUs that use JModelica.
     [exec]     To install JModelica, see https://svn.jmodelica.org/trunk/INSTALL
     [exec] JMFTest.java:28: error: package javax.media does not exist
     [exec] import javax.media.CaptureDeviceInfo;
     [exec]                   ^
     [exec] 1 error
     [exec] configure: WARNING: JMF not found in the default classpath, will check elsewhere next.
     [exec] Exception in thread "main" java.lang.RuntimeException: Could not load opencv_java320.
     [exec]     java.library.path = /home/travis/build/icyphy/ptII/lib:/home/travis/build/icyphy/ptII/lib:/home/travis/pthla/certi-tools/lib:/home/travis/pthla/certi-tools/lib:/usr/lib/jni:/usr/local/share/OpenCV/java/:/usr/share/OpenCV/java::/usr/java/packages/lib:/usr/lib64:/lib64:/lib:/usr/lib
     [exec] 	at OpenCVTest.main(OpenCVTest.java:75)
     [exec] Caused by: java.lang.UnsatisfiedLinkError: no opencv_java320 in java.library.path: [/home/travis/build/icyphy/ptII/lib, /home/travis/build/icyphy/ptII/lib, /home/travis/pthla/certi-tools/lib, /home/travis/pthla/certi-tools/lib, /usr/lib/jni, /usr/local/share/OpenCV/java/, /usr/share/OpenCV/java, ., /usr/java/packages/lib, /usr/lib64, /lib64, /lib, /usr/lib]
     [exec] 	at java.base/java.lang.ClassLoader.loadLibrary(ClassLoader.java:2654)
     [exec] 	at java.base/java.lang.Runtime.loadLibrary0(Runtime.java:876)
     [exec] 	at java.base/java.lang.System.loadLibrary(System.java:1875)
     [exec] 	at OpenCVTest.main(OpenCVTest.java:52)
     [exec] configure: WARNING: Failed to run OpenCV test program in /home/travis/build/icyphy/ptII/config with
     [exec]     /usr/local/lib/jvm/openjdk10/bin/java -classpath /home/travis/build/icyphy/ptII/lib/opencv-320.jar:. OpenCVTest
     [exec]     so we will try other jars.
     [exec] warning: /home/travis/build/icyphy/ptII/vendors/opencv/share/OpenCV/java/opencv-341.jar(/org/opencv/core/Core.class): major version 55 is newer than 54, the highest major version supported by this compiler.
     [exec]   It is recommended that the compiler be upgraded.
     [exec] warning: /home/travis/build/icyphy/ptII/vendors/opencv/share/OpenCV/java/opencv-341.jar(/org/opencv/imgproc/Imgproc.class): major version 55 is newer than 54, the highest major version supported by this compiler.
     [exec]   It is recommended that the compiler be upgraded.
     [exec] 2 warnings
     [exec] Exception in thread "main" java.lang.UnsupportedClassVersionError: org/opencv/core/Core has been compiled by a more recent version of the Java Runtime (class file version 55.0), this version of the Java Runtime only recognizes class file versions up to 54.0
     [exec] 	at OpenCVTest.main(OpenCVTest.java:74)
     [exec] configure: WARNING: Could not find directory
     [exec]     '/home/travis/build/icyphy/ptII/vendors/sun/javacc-5.0'
     [exec]     so we search for the jjtree command.
     [exec] configure: WARNING: Failed to find jjtree
     [exec] configure: WARNING: Failed to find javacc, perhaps JavaCC is not installed?
     [exec]     You need not download JavaCC unless you plan on modifying .jjt files
     [exec]     in ptolemy/data/expr.
     [exec]     JavaCC is available from
     [exec]     https://javacc.org
     [exec] 
     [exec]     Note that the zip file that gets downloaded is actually an installer
     [exec]     that must be run to install the JavaCC.zip file that contains the classes.
     [exec] 
     [exec]     Note that JavaCC-4.1 and 4.2 will not work, there are problems with
     [exec]     ReInit() being static or not static.
     [exec] 
     [exec]     JavaCC-6.0 seems to not include the jjtree and javacc scripts, so
     [exec]     we recommend JavaCC-5.0.
     [exec] 
     [exec]     Try:
     [exec]     cd /home/travis/build/icyphy/ptII/vendors/sun
     [exec]     wget https://javacc.org/downloads/javacc-5.0.tar.gz
     [exec]     tar -zxf javacc-5.0.tar.gz
     [exec]     cd /home/travis/build/icyphy/ptII
     [exec]     ./configure
     [exec] 
     [exec]     Configure looks for JavaCC in /home/travis/build/icyphy/ptII/vendors/sun/javacc-5.0
     [exec]     so either install JavaCC in that location or use the --with-javacc= flag
     [exec]     and then rerun configure.'
     [exec] configure: WARNING: /usr/local/lib/jvm/openjdk10/../include was not found.  As a result, compilation of JNI actors will fail.
     [exec] configure: WARNING: Failed to find matlab executable in the path.
     [exec]     Perhaps Matlab is not installed?
     [exec]     If Matlab is not present, then the Ptolemy II/Matlab interface in
     [exec]     $PTII/ptolemy/matlab will not be usable.
     [exec] configure: WARNING: Matlab was not found, but compiling the .java files in ptolemy/matlab/ should be ok.
     [exec] configure: WARNING: Failed to find the scalac binary,
     [exec]     so org/ptolemy/scala will be excluded
     [exec] SystemJar.main(): java.io.FileNotFoundException: /usr/local/lib/jvm/openjdk10/lib/rt.jar and /usr/local/lib/jvm/openjdk10/lib/core.jar and /usr/local/lib/jvm/openjdk10/../Classes/classes.jar either do not exist or are not readableSystemJar.main(): java.io.FileNotFoundException: /usr/local/lib/jvm/openjdk10/lib/rt.jar and /usr/local/lib/jvm/openjdk10/lib/core.jar and /usr/local/lib/jvm/openjdk10/../Classes/classes.jar either do not exist or are not readableconfigure: WARNING: ojdbc6.jar not found,
     [exec]     but only necessary to use database actors with Oracle.
     [exec]     If the mysql jar file is present, then the Oracle Java Database Connector is not necessary
     [exec]     To install ojdbc5.jar or ojdbc6.jar,
     [exec]     download it from https://www.oracle.com/technetwork/database/features/jdbc/jdbc-drivers-12c-download-1958347.html
     [exec]     copy it to ptolemy/actor/lib/database
     [exec]     and rerun ./configure
     [exec] configure: WARNING: Failed to find Batik Jar file
     [exec]     You need only have Batik if you are planning on rebuilding diva.jar
     [exec]     for use with Kepler.
     [exec]     Batik can be downloaded from http://xmlgraphics.apache.org/batik/,
     [exec]     batike-1.9/lib/batik-all-1.9.jar copied to /home/travis/build/icyphy/ptII/lib
     [exec]     and ./configure rerun.
     [exec] configure: WARNING: $TOSROOT is not set.  It must be set to use PtinyOS.
     [exec] configure: WARNING: $TOSROOT is set to '',
     [exec]      but there is no directory by that name, so we will not set up for PtinyOS.
     [exec]      For details, see /home/travis/build/icyphy/ptII/ptolemy/domains/ptinyos/README.txt.
     [exec] configure: WARNING: Failed to find giotto/gdk.jar
     [exec]     perhaps Giotto is not installed?
     [exec]     You need not download Giotto unless you plan on generating code for
     [exec]     Giotto models.
     [exec]     The Giotto SDK can be
     [exec]     downloaded from https://embedded.eecs.berkeley.edu/giotto/
     [exec]     Copy gdk.jar to /home/travis/build/icyphy/ptII/vendors/giotto, for example:
     [exec]         mkdir -p /home/travis/build/icyphy/ptII/vendors/giotto
     [exec]         cp C:/Program\ Files/Giotto*/gdk.jar /home/travis/build/icyphy/ptII/vendors/giotto/
     [exec] configure: WARNING: Failed to find boost/numeric/odeint.hpp, so FMI ++
     [exec]     will not be compiled. FMI++ is an extension of the
     [exec]     Functional Mockup Interface, see
     [exec]     http://sourceforge.net/p/fmipp/wiki/Home/
     [exec] Untaring /home/travis/build/icyphy/ptII/vendors/installer/MacJVM.tar.gz in /home/travis/build/icyphy/ptII/ now: Wed Jul 10 17:27:05 UTC 2019
     [exec] ./makeapp: Installation of /home/travis/build/icyphy/ptII/jdk succeeded.
     [exec] ./makeapp: copying /home/travis/build/icyphy/ptII/vendors/jogl to /home/travis/build/icyphy/ptII/bin
     [exec] touch CapeCode.app
     [exec] ./makeapp Vergil.app FULL -full
     [exec] Updating universalJavaApplicationStub from /home/travis/build/icyphy/ptII/vendors/universalJavaApplicationStub/src/universalJavaApplicationStub
     [exec] Untaring /home/travis/build/icyphy/ptII/vendors/installer/MacJVM.tar.gz in /home/travis/build/icyphy/ptII/ now: Wed Jul 10 17:27:08 UTC 2019
     [exec] ./makeapp: Installation of /home/travis/build/icyphy/ptII/jdk succeeded.
     [exec] touch Vergil.app
     [exec] chmod a+x ant cyphysim hyvisual startjini mkjnlp mkl4j mkosgi mkptdemo mkptlivelinkdemo mkpttest node npm ptjunit ptIITravisBuild.sh reloadAllAccessors updateFmu viptos 

build:

initReports:
    [mkdir] Created dir: /home/travis/build/icyphy/ptII/reports/doccheck
    [mkdir] Created dir: /home/travis/build/icyphy/ptII/reports/ojdcheck

test.capecode1.xml:
     [echo] 
     [echo]       ==test.capecode1.xml ==
     [echo]       This target runs the first batch Cape Code accessors tests and
     [echo]       generates JUnit xml output.
     [echo]       timeout = 4000000 milliseconds
     [echo]     
    [junit] javachdir: directory = ptolemy/actor/lib/jjs/modules/audio/test
    [junit] javachdir: pwd: /home/travis/build/icyphy/ptII/ptolemy/actor/lib/jjs/modules/audio/test  Invoking with -Djava.net.preferIPv4Stack=true
    [junit] Running ptolemy.actor.lib.jjs.modules.audio.test.junit.JUnitTclTest
    [junit] No tcl tests in /home/travis/build/icyphy/ptII/ptolemy/actor/lib/jjs/modules/audio/test
    [junit] ----------------- testing (KnownFailure) /home/travis/build/icyphy/ptII/ptolemy/actor/lib/jjs/modules/audio/test/auto/knownFailedTests/AudioError.xml
    [junit] JSAccessor: PT_NO_NET environment variable is set, so git pull and ptdoc are not being run.
    [junit] WARNING: An illegal reflective access operation has occurred
    [junit] WARNING: Illegal reflective access by io.netty.util.internal.ReflectionUtil (file:/home/travis/build/icyphy/ptII/lib/netty-common-4.1.19.Final.jar) to constructor java.nio.DirectByteBuffer(long,int)
    [junit] WARNING: Please consider reporting this to the maintainers of io.netty.util.internal.ReflectionUtil
    [junit] WARNING: Use --illegal-access=warn to enable warnings of further illegal reflective access operations
    [junit] WARNING: All illegal access operations will be denied in a future release
    [junit] Graphics Device initialization failed for :  es2, sw
    [junit] Error initializing QuantumRenderer: no suitable pipeline found
    [junit] java.lang.RuntimeException: java.lang.RuntimeException: Error initializing QuantumRenderer: no suitable pipeline found
    [junit] 	at com.sun.javafx.tk.quantum.QuantumRenderer.getInstance(QuantumRenderer.java:280)
    [junit] 	at com.sun.javafx.tk.quantum.QuantumToolkit.init(QuantumToolkit.java:221)
    [junit] 	at com.sun.javafx.tk.Toolkit.getToolkit(Toolkit.java:198)
    [junit] 	at com.sun.javafx.application.PlatformImpl.startup(PlatformImpl.java:209)
    [junit] 	at javafx.embed.swing.JFXPanel.initFx(JFXPanel.java:215)
    [junit] 	at javafx.embed.swing.JFXPanel.<init>(JFXPanel.java:230)
    [junit] 	at ptolemy.actor.lib.jjs.modules.audio.ClipPlayerHelper.<clinit>(ClipPlayerHelper.java:159)
    [junit] 	at java.base/java.lang.Class.forName0(Native Method)
    [junit] 	at java.base/java.lang.Class.forName(Class.java:374)
    [junit] 	at jdk.scripting.nashorn/jdk.nashorn.internal.runtime.Context.findClass(Context.java:1180)
    [junit] 	at jdk.scripting.nashorn/jdk.nashorn.internal.objects.NativeJava.simpleType(NativeJava.java:546)
    [junit] 	at jdk.scripting.nashorn/jdk.nashorn.internal.objects.NativeJava.type(NativeJava.java:326)
    [junit] 	at jdk.scripting.nashorn/jdk.nashorn.internal.objects.NativeJava.type(NativeJava.java:318)
    [junit] 	at jdk.scripting.nashorn/jdk.nashorn.internal.objects.NativeJava.type(NativeJava.java:314)
    [junit] 	at jdk.scripting.nashorn.scripts/jdk.nashorn.internal.scripts.Script$Recompilation$272$1AAAAA$require$cu1$restOf.L:1(/home/travis/build/icyphy/ptII/ptolemy/actor/lib/jjs/external/require.js#409:30<eval>:49)
    [junit] 	at jdk.scripting.nashorn.scripts/jdk.nashorn.internal.scripts.Script$Recompilation$181$require.L:45#_require(/home/travis/build/icyphy/ptII/ptolemy/actor/lib/jjs/external/require.js:429)
    [junit] 	at jdk.scripting.nashorn.scripts/jdk.nashorn.internal.scripts.Script$Recompilation$185$20024A$require.L:45#_requireClosure#L:449(/home/travis/build/icyphy/ptII/ptolemy/actor/lib/jjs/external/require.js:450)
    [junit] 	at jdk.scripting.nashorn.scripts/jdk.nashorn.internal.scripts.Script$Recompilation$259$1AAAAAAAAAAAAAA$\^function\_.L:1(<function>:48)
    [junit] 	at jdk.scripting.nashorn.scripts/jdk.nashorn.internal.scripts.Script$Recompilation$258$17933AAAAAA$require$cu1$restOf.L:1#Accessor(/home/travis/build/icyphy/ptII/ptolemy/actor/lib/jjs/external/require.js#409:30<eval>:545)
    [junit] 	at jdk.scripting.nashorn.scripts/jdk.nashorn.internal.scripts.Script$Recompilation$244$2801AAA$\^eval\_.evaluateCode(<eval>:96)
    [junit] 	at jdk.scripting.nashorn/jdk.nashorn.internal.runtime.ScriptFunctionData.invoke(ScriptFunctionData.java:661)
    [junit] 	at jdk.scripting.nashorn/jdk.nashorn.internal.runtime.ScriptFunction.invoke(ScriptFunction.java:513)
    [junit] 	at jdk.scripting.nashorn/jdk.nashorn.internal.runtime.ScriptRuntime.apply(ScriptRuntime.java:527)
    [junit] 	at jdk.scripting.nashorn/jdk.nashorn.api.scripting.ScriptObjectMirror.callMember(ScriptObjectMirror.java:198)
    [junit] 	at jdk.scripting.nashorn/jdk.nashorn.api.scripting.NashornScriptEngine.invokeImpl(NashornScriptEngine.java:385)
    [junit] 	at jdk.scripting.nashorn/jdk.nashorn.api.scripting.NashornScriptEngine.invokeFunction(NashornScriptEngine.java:189)
    [junit] 	at ptolemy.actor.lib.jjs.JavaScript._createEngineAndEvaluateSetup(JavaScript.java:2493)
    [junit] 	at ptolemy.actor.lib.jjs.JavaScript.attributeChanged(JavaScript.java:548)
    [junit] 	at org.terraswarm.accessor.JSAccessor.attributeChanged(JSAccessor.java:312)
    [junit] 	at ptolemy.data.expr.Variable._setTokenAndNotify(Variable.java:2271)
    [junit] 	at ptolemy.data.expr.Variable._evaluate(Variable.java:1873)
    [junit] 	at ptolemy.data.expr.Variable._propagate(Variable.java:1984)
    [junit] 	at ptolemy.data.expr.Variable.validate(Variable.java:1596)
    [junit] 	at ptolemy.moml.MoMLParser.endDocument(MoMLParser.java:867)
    [junit] 	at com.microstar.xml.XmlParser.doParse(XmlParser.java:162)
    [junit] 	at com.microstar.xml.XmlParser.parse(XmlParser.java:132)
    [junit] 	at ptolemy.moml.MoMLParser.parse(MoMLParser.java:1660)
    [junit] 	at ptolemy.moml.MoMLParser.parse(MoMLParser.java:1595)
    [junit] 	at ptolemy.moml.MoMLParser.parse(MoMLParser.java:1537)
    [junit] 	at ptolemy.moml.MoMLSimpleApplication.<init>(MoMLSimpleApplication.java:123)
    [junit] 	at java.base/jdk.internal.reflect.NativeConstructorAccessorImpl.newInstance0(Native Method)
    [junit] 	at java.base/jdk.internal.reflect.NativeConstructorAccessorImpl.newInstance(NativeConstructorAccessorImpl.java:62)
    [junit] 	at java.base/jdk.internal.reflect.DelegatingConstructorAccessorImpl.newInstance(DelegatingConstructorAccessorImpl.java:45)
    [junit] 	at java.base/java.lang.reflect.Constructor.newInstance(Constructor.java:488)
    [junit] 	at ptolemy.util.test.junit.AutoKnownFailedTests.RunModel(AutoKnownFailedTests.java:105)
    [junit] 	at java.base/jdk.internal.reflect.NativeMethodAccessorImpl.invoke0(Native Method)
    [junit] 	at java.base/jdk.internal.reflect.NativeMethodAccessorImpl.invoke(NativeMethodAccessorImpl.java:62)
    [junit] 	at java.base/jdk.internal.reflect.DelegatingMethodAccessorImpl.invoke(DelegatingMethodAccessorImpl.java:43)
    [junit] 	at java.base/java.lang.reflect.Method.invoke(Method.java:564)
    [junit] 	at org.junit.runners.model.FrameworkMethod$1.runReflectiveCall(FrameworkMethod.java:44)
    [junit] 	at org.junit.internal.runners.model.ReflectiveCallable.run(ReflectiveCallable.java:15)
    [junit] 	at org.junit.runners.model.FrameworkMethod.invokeExplosively(FrameworkMethod.java:41)
    [junit] 	at junitparams.internal.InvokeParameterisedMethod.evaluate(InvokeParameterisedMethod.java:102)
    [junit] 	at org.junit.internal.runners.statements.FailOnTimeout$1.run(FailOnTimeout.java:28)
    [junit] Caused by: java.lang.RuntimeException: Error initializing QuantumRenderer: no suitable pipeline found
    [junit] 	at com.sun.javafx.tk.quantum.QuantumRenderer$PipelineRunnable.init(QuantumRenderer.java:94)
    [junit] 	at com.sun.javafx.tk.quantum.QuantumRenderer$PipelineRunnable.run(QuantumRenderer.java:124)
    [junit] 	at java.base/java.lang.Thread.run(Thread.java:844)
    [junit] Known Failure: java.lang.reflect.InvocationTargetException
    [junit] No auto/linux-amd64/*.xml tests in /home/travis/build/icyphy/ptII/ptolemy/actor/lib/jjs/modules/audio/test
    [junit] AutoTests.java: About to close Vertx.
    [junit] AutoTests.java: Vertx closed.
    [junit] 
    [junit] ===========================================================================================
    [junit] ----------------- *** Skipping testing of /home/travis/build/icyphy/ptII/ptolemy/actor/lib/jjs/modules/audio/test/auto/SpeechSynthesisTest.xml because it does fails under Travis.  To updated this list, edit ptolemy/util/test/junit/AutoTests.java
    [junit] AutoTests.java: About to close Vertx.
    [junit] AutoTests.java: Vertx closed.
    [junit] Tests run: 4, Failures: 0, Errors: 0, Skipped: 0, Time elapsed: 7.274 sec
    [junit] Output:
    [junit] No tcl tests in /home/travis/build/icyphy/ptII/ptolemy/actor/lib/jjs/modules/audio/test
    [junit] ----------------- testing (KnownFailure) /home/travis/build/icyphy/ptII/ptolemy/actor/lib/jjs/modules/audio/test/auto/knownFailedTests/AudioError.xml
    [junit] JSAccessor: PT_NO_NET environment variable is set, so git pull and ptdoc are not being run.
    [junit] Known Failure: java.lang.reflect.InvocationTargetException
    [junit] No auto/linux-amd64/*.xml tests in /home/travis/build/icyphy/ptII/ptolemy/actor/lib/jjs/modules/audio/test
    [junit] AutoTests.java: About to close Vertx.
    [junit] AutoTests.java: Vertx closed.
    [junit] 
    [junit] ===========================================================================================
    [junit] ----------------- *** Skipping testing of /home/travis/build/icyphy/ptII/ptolemy/actor/lib/jjs/modules/audio/test/auto/SpeechSynthesisTest.xml because it does fails under Travis.  To updated this list, edit ptolemy/util/test/junit/AutoTests.java
    [junit] AutoTests.java: About to close Vertx.
    [junit] AutoTests.java: Vertx closed.
    [junit] 
    [junit] Error: 
    [junit] Graphics Device initialization failed for :  es2, sw
    [junit] Error initializing QuantumRenderer: no suitable pipeline found
    [junit] java.lang.RuntimeException: java.lang.RuntimeException: Error initializing QuantumRenderer: no suitable pipeline found
    [junit] 	at com.sun.javafx.tk.quantum.QuantumRenderer.getInstance(QuantumRenderer.java:280)
    [junit] 	at com.sun.javafx.tk.quantum.QuantumToolkit.init(QuantumToolkit.java:221)
    [junit] 	at com.sun.javafx.tk.Toolkit.getToolkit(Toolkit.java:198)
    [junit] 	at com.sun.javafx.application.PlatformImpl.startup(PlatformImpl.java:209)
    [junit] 	at javafx.embed.swing.JFXPanel.initFx(JFXPanel.java:215)
    [junit] 	at javafx.embed.swing.JFXPanel.<init>(JFXPanel.java:230)
    [junit] 	at ptolemy.actor.lib.jjs.modules.audio.ClipPlayerHelper.<clinit>(ClipPlayerHelper.java:159)
    [junit] 	at java.base/java.lang.Class.forName0(Native Method)
    [junit] 	at java.base/java.lang.Class.forName(Class.java:374)
    [junit] 	at jdk.scripting.nashorn/jdk.nashorn.internal.runtime.Context.findClass(Context.java:1180)
    [junit] 	at jdk.scripting.nashorn/jdk.nashorn.internal.objects.NativeJava.simpleType(NativeJava.java:546)
    [junit] 	at jdk.scripting.nashorn/jdk.nashorn.internal.objects.NativeJava.type(NativeJava.java:326)
    [junit] 	at jdk.scripting.nashorn/jdk.nashorn.internal.objects.NativeJava.type(NativeJava.java:318)
    [junit] 	at jdk.scripting.nashorn/jdk.nashorn.internal.objects.NativeJava.type(NativeJava.java:314)
    [junit] 	at jdk.scripting.nashorn.scripts/jdk.nashorn.internal.scripts.Script$Recompilation$272$1AAAAA$require$cu1$restOf.L:1(/home/travis/build/icyphy/ptII/ptolemy/actor/lib/jjs/external/require.js#409:30<eval>:49)
    [junit] 	at jdk.scripting.nashorn.scripts/jdk.nashorn.internal.scripts.Script$Recompilation$181$require.L:45#_require(/home/travis/build/icyphy/ptII/ptolemy/actor/lib/jjs/external/require.js:429)
    [junit] 	at jdk.scripting.nashorn.scripts/jdk.nashorn.internal.scripts.Script$Recompilation$185$20024A$require.L:45#_requireClosure#L:449(/home/travis/build/icyphy/ptII/ptolemy/actor/lib/jjs/external/require.js:450)
    [junit] 	at jdk.scripting.nashorn.scripts/jdk.nashorn.internal.scripts.Script$Recompilation$259$1AAAAAAAAAAAAAA$\^function\_.L:1(<function>:48)
    [junit] 	at jdk.scripting.nashorn.scripts/jdk.nashorn.internal.scripts.Script$Recompilation$258$17933AAAAAA$require$cu1$restOf.L:1#Accessor(/home/travis/build/icyphy/ptII/ptolemy/actor/lib/jjs/external/require.js#409:30<eval>:545)
    [junit] 	at jdk.scripting.nashorn.scripts/jdk.nashorn.internal.scripts.Script$Recompilation$244$2801AAA$\^eval\_.evaluateCode(<eval>:96)
    [junit] 	at jdk.scripting.nashorn/jdk.nashorn.internal.runtime.ScriptFunctionData.invoke(ScriptFunctionData.java:661)
    [junit] 	at jdk.scripting.nashorn/jdk.nashorn.internal.runtime.ScriptFunction.invoke(ScriptFunction.java:513)
    [junit] 	at jdk.scripting.nashorn/jdk.nashorn.internal.runtime.ScriptRuntime.apply(ScriptRuntime.java:527)
    [junit] 	at jdk.scripting.nashorn/jdk.nashorn.api.scripting.ScriptObjectMirror.callMember(ScriptObjectMirror.java:198)
    [junit] 	at jdk.scripting.nashorn/jdk.nashorn.api.scripting.NashornScriptEngine.invokeImpl(NashornScriptEngine.java:385)
    [junit] 	at jdk.scripting.nashorn/jdk.nashorn.api.scripting.NashornScriptEngine.invokeFunction(NashornScriptEngine.java:189)
    [junit] 	at ptolemy.actor.lib.jjs.JavaScript._createEngineAndEvaluateSetup(JavaScript.java:2493)
    [junit] 	at ptolemy.actor.lib.jjs.JavaScript.attributeChanged(JavaScript.java:548)
    [junit] 	at org.terraswarm.accessor.JSAccessor.attributeChanged(JSAccessor.java:312)
    [junit] 	at ptolemy.data.expr.Variable._setTokenAndNotify(Variable.java:2271)
    [junit] 	at ptolemy.data.expr.Variable._evaluate(Variable.java:1873)
    [junit] 	at ptolemy.data.expr.Variable._propagate(Variable.java:1984)
    [junit] 	at ptolemy.data.expr.Variable.validate(Variable.java:1596)
    [junit] 	at ptolemy.moml.MoMLParser.endDocument(MoMLParser.java:867)
    [junit] 	at com.microstar.xml.XmlParser.doParse(XmlParser.java:162)
    [junit] 	at com.microstar.xml.XmlParser.parse(XmlParser.java:132)
    [junit] 	at ptolemy.moml.MoMLParser.parse(MoMLParser.java:1660)
    [junit] 	at ptolemy.moml.MoMLParser.parse(MoMLParser.java:1595)
    [junit] 	at ptolemy.moml.MoMLParser.parse(MoMLParser.java:1537)
    [junit] 	at ptolemy.moml.MoMLSimpleApplication.<init>(MoMLSimpleApplication.java:123)
    [junit] 	at java.base/jdk.internal.reflect.NativeConstructorAccessorImpl.newInstance0(Native Method)
    [junit] 	at java.base/jdk.internal.reflect.NativeConstructorAccessorImpl.newInstance(NativeConstructorAccessorImpl.java:62)
    [junit] 	at java.base/jdk.internal.reflect.DelegatingConstructorAccessorImpl.newInstance(DelegatingConstructorAccessorImpl.java:45)
    [junit] 	at java.base/java.lang.reflect.Constructor.newInstance(Constructor.java:488)
    [junit] 	at ptolemy.util.test.junit.AutoKnownFailedTests.RunModel(AutoKnownFailedTests.java:105)
    [junit] 	at java.base/jdk.internal.reflect.NativeMethodAccessorImpl.invoke0(Native Method)
    [junit] 	at java.base/jdk.internal.reflect.NativeMethodAccessorImpl.invoke(NativeMethodAccessorImpl.java:62)
    [junit] 	at java.base/jdk.internal.reflect.DelegatingMethodAccessorImpl.invoke(DelegatingMethodAccessorImpl.java:43)
    [junit] 	at java.base/java.lang.reflect.Method.invoke(Method.java:564)
    [junit] 	at org.junit.runners.model.FrameworkMethod$1.runReflectiveCall(FrameworkMethod.java:44)
    [junit] 	at org.junit.internal.runners.model.ReflectiveCallable.run(ReflectiveCallable.java:15)
    [junit] 	at org.junit.runners.model.FrameworkMethod.invokeExplosively(FrameworkMethod.java:41)
    [junit] 	at junitparams.internal.InvokeParameterisedMethod.evaluate(InvokeParameterisedMethod.java:102)
    [junit] 	at org.junit.internal.runners.statements.FailOnTimeout$1.run(FailOnTimeout.java:28)
    [junit] Caused by: java.lang.RuntimeException: Error initializing QuantumRenderer: no suitable pipeline found
    [junit] 	at com.sun.javafx.tk.quantum.QuantumRenderer$PipelineRunnable.init(QuantumRenderer.java:94)
    [junit] 	at com.sun.javafx.tk.quantum.QuantumRenderer$PipelineRunnable.run(QuantumRenderer.java:124)
    [junit] 	at java.base/java.lang.Thread.run(Thread.java:844)
    [junit] java.lang.reflect.InvocationTargetException
    [junit] 	at java.base/jdk.internal.reflect.NativeConstructorAccessorImpl.newInstance0(Native Method)
    [junit] 	at java.base/jdk.internal.reflect.NativeConstructorAccessorImpl.newInstance(NativeConstructorAccessorImpl.java:62)
    [junit] 	at java.base/jdk.internal.reflect.DelegatingConstructorAccessorImpl.newInstance(DelegatingConstructorAccessorImpl.java:45)
    [junit] 	at java.base/java.lang.reflect.Constructor.newInstance(Constructor.java:488)
    [junit] 	at ptolemy.util.test.junit.AutoKnownFailedTests.RunModel(AutoKnownFailedTests.java:105)
    [junit] 	at java.base/jdk.internal.reflect.NativeMethodAccessorImpl.invoke0(Native Method)
    [junit] 	at java.base/jdk.internal.reflect.NativeMethodAccessorImpl.invoke(NativeMethodAccessorImpl.java:62)
    [junit] 	at java.base/jdk.internal.reflect.DelegatingMethodAccessorImpl.invoke(DelegatingMethodAccessorImpl.java:43)
    [junit] 	at java.base/java.lang.reflect.Method.invoke(Method.java:564)
    [junit] 	at org.junit.runners.model.FrameworkMethod$1.runReflectiveCall(FrameworkMethod.java:44)
    [junit] 	at org.junit.internal.runners.model.ReflectiveCallable.run(ReflectiveCallable.java:15)
    [junit] 	at org.junit.runners.model.FrameworkMethod.invokeExplosively(FrameworkMethod.java:41)
    [junit] 	at junitparams.internal.InvokeParameterisedMethod.evaluate(InvokeParameterisedMethod.java:102)
    [junit] 	at org.junit.internal.runners.statements.FailOnTimeout$1.run(FailOnTimeout.java:28)
    [junit] Caused by: ptolemy.kernel.util.IllegalActionException: Error evaluating expression:
    [junit] // Copyright (c) 2016-2017 The Regents of the University of California.
    [junit] ...
    [junit]   in .AudioError.ClipPlayer.script
    [junit] Because:
    [junit] Failed to evaluate script.
    [junit]   in .AudioError.ClipPlayer
    [junit] Because:
    [junit] Error: Error executing module audio line #undefined : java.lang.ExceptionInInitializerError
    [junit] In file: /home/travis/build/icyphy/ptII/ptolemy/actor/lib/jjs/modules/audio/audio.js in /home/travis/build/icyphy/ptII/ptolemy/actor/lib/jjs/external/require.js at line number 437 at column number 12
    [junit]   in .AudioError.ClipPlayer.script
    [junit] Because:
    [junit] Error evaluating expression:
    [junit] // Copyright (c) 2016-2017 The Regents of the University of California.
    [junit] ...
    [junit]   in .AudioError.ClipPlayer.script
    [junit] Because:
    [junit] Failed to evaluate script.
    [junit]   in .AudioError.ClipPlayer
    [junit] Because:
    [junit] Error: Error executing module audio line #undefined : java.lang.ExceptionInInitializerError
    [junit] In file: /home/travis/build/icyphy/ptII/ptolemy/actor/lib/jjs/modules/audio/audio.js in /home/travis/build/icyphy/ptII/ptolemy/actor/lib/jjs/external/require.js at line number 437 at column number 12
    [junit] 	at ptolemy.data.expr.Variable.validate(Variable.java:1619)
    [junit] 	at ptolemy.moml.MoMLParser.endDocument(MoMLParser.java:867)
    [junit] 	at com.microstar.xml.XmlParser.doParse(XmlParser.java:162)
    [junit] 	at com.microstar.xml.XmlParser.parse(XmlParser.java:132)
    [junit] 	at ptolemy.moml.MoMLParser.parse(MoMLParser.java:1660)
    [junit] 	at ptolemy.moml.MoMLParser.parse(MoMLParser.java:1595)
    [junit] 	at ptolemy.moml.MoMLParser.parse(MoMLParser.java:1537)
    [junit] 	at ptolemy.moml.MoMLSimpleApplication.<init>(MoMLSimpleApplication.java:123)
    [junit] 	... 14 more
    [junit] Caused by: ptolemy.kernel.util.IllegalActionException: Error evaluating expression:
    [junit] // Copyright (c) 2016-2017 The Regents of the University of California.
    [junit] ...
    [junit]   in .AudioError.ClipPlayer.script
    [junit] Because:
    [junit] Failed to evaluate script.
    [junit]   in .AudioError.ClipPlayer
    [junit] Because:
    [junit] Error: Error executing module audio line #undefined : java.lang.ExceptionInInitializerError
    [junit] In file: /home/travis/build/icyphy/ptII/ptolemy/actor/lib/jjs/modules/audio/audio.js in /home/travis/build/icyphy/ptII/ptolemy/actor/lib/jjs/external/require.js at line number 437 at column number 12
    [junit] 	at ptolemy.data.expr.Variable._evaluate(Variable.java:1891)
    [junit] 	at ptolemy.data.expr.Variable._propagate(Variable.java:1984)
    [junit] 	at ptolemy.data.expr.Variable.validate(Variable.java:1596)
    [junit] 	... 21 more
    [junit] Caused by: ptolemy.kernel.util.IllegalActionException: Failed to evaluate script.
    [junit]   in .AudioError.ClipPlayer
    [junit] Because:
    [junit] Error: Error executing module audio line #undefined : java.lang.ExceptionInInitializerError
    [junit] In file: /home/travis/build/icyphy/ptII/ptolemy/actor/lib/jjs/modules/audio/audio.js in /home/travis/build/icyphy/ptII/ptolemy/actor/lib/jjs/external/require.js at line number 437 at column number 12
    [junit] 	at ptolemy.actor.lib.jjs.JavaScript._createEngineAndEvaluateSetup(JavaScript.java:2497)
    [junit] 	at ptolemy.actor.lib.jjs.JavaScript.attributeChanged(JavaScript.java:548)
    [junit] 	at org.terraswarm.accessor.JSAccessor.attributeChanged(JSAccessor.java:312)
    [junit] 	at ptolemy.data.expr.Variable._setTokenAndNotify(Variable.java:2271)
    [junit] 	at ptolemy.data.expr.Variable._evaluate(Variable.java:1873)
    [junit] 	... 23 more
    [junit] Caused by: javax.script.ScriptException: Error: Error executing module audio line #undefined : java.lang.ExceptionInInitializerError
    [junit] In file: /home/travis/build/icyphy/ptII/ptolemy/actor/lib/jjs/modules/audio/audio.js in /home/travis/build/icyphy/ptII/ptolemy/actor/lib/jjs/external/require.js at line number 437 at column number 12
    [junit] 	at jdk.scripting.nashorn/jdk.nashorn.api.scripting.NashornScriptEngine.throwAsScriptException(NashornScriptEngine.java:469)
    [junit] 	at jdk.scripting.nashorn/jdk.nashorn.api.scripting.NashornScriptEngine.invokeImpl(NashornScriptEngine.java:391)
    [junit] 	at jdk.scripting.nashorn/jdk.nashorn.api.scripting.NashornScriptEngine.invokeFunction(NashornScriptEngine.java:189)
    [junit] 	at ptolemy.actor.lib.jjs.JavaScript._createEngineAndEvaluateSetup(JavaScript.java:2493)
    [junit] 	... 27 more
    [junit] Caused by: /home/travis/build/icyphy/ptII/ptolemy/actor/lib/jjs/external/require.js:437:12 Error: Error executing module audio line #undefined : java.lang.ExceptionInInitializerError
    [junit] In file: /home/travis/build/icyphy/ptII/ptolemy/actor/lib/jjs/modules/audio/audio.js
    [junit] 	at jdk.scripting.nashorn/jdk.nashorn.internal.objects.NativeError.initException(NativeError.java:135)
    [junit] 	at jdk.scripting.nashorn/jdk.nashorn.internal.objects.NativeError.<init>(NativeError.java:101)
    [junit] 	at jdk.scripting.nashorn/jdk.nashorn.internal.objects.NativeError.<init>(NativeError.java:105)
    [junit] 	at jdk.scripting.nashorn/jdk.nashorn.internal.objects.NativeError.<init>(NativeError.java:109)
    [junit] 	at jdk.scripting.nashorn/jdk.nashorn.internal.objects.NativeError.constructor(NativeError.java:128)
    [junit] 	at jdk.scripting.nashorn.scripts/jdk.nashorn.internal.scripts.Script$Recompilation$274$require$cu1$restOf.L:45#_require(/home/travis/build/icyphy/ptII/ptolemy/actor/lib/jjs/external/require.js:437)
    [junit] 	at jdk.scripting.nashorn.scripts/jdk.nashorn.internal.scripts.Script$Recompilation$185$20024A$require.L:45#_requireClosure#L:449(/home/travis/build/icyphy/ptII/ptolemy/actor/lib/jjs/external/require.js:450)
    [junit] 	at jdk.scripting.nashorn.scripts/jdk.nashorn.internal.scripts.Script$Recompilation$259$1AAAAAAAAAAAAAA$\^function\_.L:1(<function>:48)
    [junit] 	at jdk.scripting.nashorn.scripts/jdk.nashorn.internal.scripts.Script$Recompilation$258$17933AAAAAA$require$cu1$restOf.L:1#Accessor(/home/travis/build/icyphy/ptII/ptolemy/actor/lib/jjs/external/require.js#409:30<eval>:545)
    [junit] 	at jdk.scripting.nashorn.scripts/jdk.nashorn.internal.scripts.Script$Recompilation$244$2801AAA$\^eval\_.evaluateCode(<eval>:96)
    [junit] 	at jdk.scripting.nashorn/jdk.nashorn.internal.runtime.ScriptFunctionData.invoke(ScriptFunctionData.java:661)
    [junit] 	at jdk.scripting.nashorn/jdk.nashorn.internal.runtime.ScriptFunction.invoke(ScriptFunction.java:513)
    [junit] 	at jdk.scripting.nashorn/jdk.nashorn.internal.runtime.ScriptRuntime.apply(ScriptRuntime.java:527)
    [junit] 	at jdk.scripting.nashorn/jdk.nashorn.api.scripting.ScriptObjectMirror.callMember(ScriptObjectMirror.java:198)
    [junit] 	at jdk.scripting.nashorn/jdk.nashorn.api.scripting.NashornScriptEngine.invokeImpl(NashornScriptEngine.java:385)
    [junit] 	... 29 more
    [junit] 
    [junit] java.lang.reflect.InvocationTargetException
    [junit] 	at java.base/jdk.internal.reflect.NativeConstructorAccessorImpl.newInstance0(Native Method)
    [junit] 	at java.base/jdk.internal.reflect.NativeConstructorAccessorImpl.newInstance(NativeConstructorAccessorImpl.java:62)
    [junit] 	at java.base/jdk.internal.reflect.DelegatingConstructorAccessorImpl.newInstance(DelegatingConstructorAccessorImpl.java:45)
    [junit] 	at java.base/java.lang.reflect.Constructor.newInstance(Constructor.java:488)
    [junit] 	at ptolemy.util.test.junit.AutoKnownFailedTests.RunModel(AutoKnownFailedTests.java:105)
    [junit] 	at java.base/jdk.internal.reflect.NativeMethodAccessorImpl.invoke0(Native Method)
    [junit] 	at java.base/jdk.internal.reflect.NativeMethodAccessorImpl.invoke(NativeMethodAccessorImpl.java:62)
    [junit] 	at java.base/jdk.internal.reflect.DelegatingMethodAccessorImpl.invoke(DelegatingMethodAccessorImpl.java:43)
    [junit] 	at java.base/java.lang.reflect.Method.invoke(Method.java:564)
    [junit] 	at org.junit.runners.model.FrameworkMethod$1.runReflectiveCall(FrameworkMethod.java:44)
    [junit] 	at org.junit.internal.runners.model.ReflectiveCallable.run(ReflectiveCallable.java:15)
    [junit] 	at org.junit.runners.model.FrameworkMethod.invokeExplosively(FrameworkMethod.java:41)
    [junit] 	at junitparams.internal.InvokeParameterisedMethod.evaluate(InvokeParameterisedMethod.java:102)
    [junit] 	at org.junit.internal.runners.statements.FailOnTimeout$1.run(FailOnTimeout.java:28)
    [junit] Caused by: ptolemy.kernel.util.IllegalActionException: Error evaluating expression:
    [junit] // Copyright (c) 2016-2017 The Regents of the University of California.
    [junit] ...
    [junit]   in .AudioError.ClipPlayer.script
    [junit] Because:
    [junit] Failed to evaluate script.
    [junit]   in .AudioError.ClipPlayer
    [junit] Because:
    [junit] Error: Error executing module audio line #undefined : java.lang.ExceptionInInitializerError
    [junit] In file: /home/travis/build/icyphy/ptII/ptolemy/actor/lib/jjs/modules/audio/audio.js in /home/travis/build/icyphy/ptII/ptolemy/actor/lib/jjs/external/require.js at line number 437 at column number 12
    [junit]   in .AudioError.ClipPlayer.script
    [junit] Because:
    [junit] Error evaluating expression:
    [junit] // Copyright (c) 2016-2017 The Regents of the University of California.
    [junit] ...
    [junit]   in .AudioError.ClipPlayer.script
    [junit] Because:
    [junit] Failed to evaluate script.
    [junit]   in .AudioError.ClipPlayer
    [junit] Because:
    [junit] Error: Error executing module audio line #undefined : java.lang.ExceptionInInitializerError
    [junit] In file: /home/travis/build/icyphy/ptII/ptolemy/actor/lib/jjs/modules/audio/audio.js in /home/travis/build/icyphy/ptII/ptolemy/actor/lib/jjs/external/require.js at line number 437 at column number 12
    [junit] 	at ptolemy.data.expr.Variable.validate(Variable.java:1619)
    [junit] 	at ptolemy.moml.MoMLParser.endDocument(MoMLParser.java:867)
    [junit] 	at com.microstar.xml.XmlParser.doParse(XmlParser.java:162)
    [junit] 	at com.microstar.xml.XmlParser.parse(XmlParser.java:132)
    [junit] 	at ptolemy.moml.MoMLParser.parse(MoMLParser.java:1660)
    [junit] 	at ptolemy.moml.MoMLParser.parse(MoMLParser.java:1595)
    [junit] 	at ptolemy.moml.MoMLParser.parse(MoMLParser.java:1537)
    [junit] 	at ptolemy.moml.MoMLSimpleApplication.<init>(MoMLSimpleApplication.java:123)
    [junit] 	... 14 more
    [junit] Caused by: ptolemy.kernel.util.IllegalActionException: Error evaluating expression:
    [junit] // Copyright (c) 2016-2017 The Regents of the University of California.
    [junit] ...
    [junit]   in .AudioError.ClipPlayer.script
    [junit] Because:
    [junit] Failed to evaluate script.
    [junit]   in .AudioError.ClipPlayer
    [junit] Because:
    [junit] Error: Error executing module audio line #undefined : java.lang.ExceptionInInitializerError
    [junit] In file: /home/travis/build/icyphy/ptII/ptolemy/actor/lib/jjs/modules/audio/audio.js in /home/travis/build/icyphy/ptII/ptolemy/actor/lib/jjs/external/require.js at line number 437 at column number 12
    [junit] 	at ptolemy.data.expr.Variable._evaluate(Variable.java:1891)
    [junit] 	at ptolemy.data.expr.Variable._propagate(Variable.java:1984)
    [junit] 	at ptolemy.data.expr.Variable.validate(Variable.java:1596)
    [junit] 	... 21 more
    [junit] Caused by: ptolemy.kernel.util.IllegalActionException: Failed to evaluate script.
    [junit]   in .AudioError.ClipPlayer
    [junit] Because:
    [junit] Error: Error executing module audio line #undefined : java.lang.ExceptionInInitializerError
    [junit] In file: /home/travis/build/icyphy/ptII/ptolemy/actor/lib/jjs/modules/audio/audio.js in /home/travis/build/icyphy/ptII/ptolemy/actor/lib/jjs/external/require.js at line number 437 at column number 12
    [junit] 	at ptolemy.actor.lib.jjs.JavaScript._createEngineAndEvaluateSetup(JavaScript.java:2497)
    [junit] 	at ptolemy.actor.lib.jjs.JavaScript.attributeChanged(JavaScript.java:548)
    [junit] 	at org.terraswarm.accessor.JSAccessor.attributeChanged(JSAccessor.java:312)
    [junit] 	at ptolemy.data.expr.Variable._setTokenAndNotify(Variable.java:2271)
    [junit] 	at ptolemy.data.expr.Variable._evaluate(Variable.java:1873)
    [junit] 	... 23 more
    [junit] Caused by: javax.script.ScriptException: Error: Error executing module audio line #undefined : java.lang.ExceptionInInitializerError
    [junit] In file: /home/travis/build/icyphy/ptII/ptolemy/actor/lib/jjs/modules/audio/audio.js in /home/travis/build/icyphy/ptII/ptolemy/actor/lib/jjs/external/require.js at line number 437 at column number 12
    [junit] 	at jdk.scripting.nashorn/jdk.nashorn.api.scripting.NashornScriptEngine.throwAsScriptException(NashornScriptEngine.java:469)
    [junit] 	at jdk.scripting.nashorn/jdk.nashorn.api.scripting.NashornScriptEngine.invokeImpl(NashornScriptEngine.java:391)
    [junit] 	at jdk.scripting.nashorn/jdk.nashorn.api.scripting.NashornScriptEngine.invokeFunction(NashornScriptEngine.java:189)
    [junit] 	at ptolemy.actor.lib.jjs.JavaScript._createEngineAndEvaluateSetup(JavaScript.java:2493)
    [junit] 	... 27 more
    [junit] Caused by: /home/travis/build/icyphy/ptII/ptolemy/actor/lib/jjs/external/require.js:437:12 Error: Error executing module audio line #undefined : java.lang.ExceptionInInitializerError
    [junit] In file: /home/travis/build/icyphy/ptII/ptolemy/actor/lib/jjs/modules/audio/audio.js
    [junit] 	at jdk.scripting.nashorn/jdk.nashorn.internal.objects.NativeError.initException(NativeError.java:135)
    [junit] 	at jdk.scripting.nashorn/jdk.nashorn.internal.objects.NativeError.<init>(NativeError.java:101)
    [junit] 	at jdk.scripting.nashorn/jdk.nashorn.internal.objects.NativeError.<init>(NativeError.java:105)
    [junit] 	at jdk.scripting.nashorn/jdk.nashorn.internal.objects.NativeError.<init>(NativeError.java:109)
    [junit] 	at jdk.scripting.nashorn/jdk.nashorn.internal.objects.NativeError.constructor(NativeError.java:128)
    [junit] 	at jdk.scripting.nashorn.scripts/jdk.nashorn.internal.scripts.Script$Recompilation$274$require$cu1$restOf.L:45#_require(/home/travis/build/icyphy/ptII/ptolemy/actor/lib/jjs/external/require.js:437)
    [junit] 	at jdk.scripting.nashorn.scripts/jdk.nashorn.internal.scripts.Script$Recompilation$185$20024A$require.L:45#_requireClosure#L:449(/home/travis/build/icyphy/ptII/ptolemy/actor/lib/jjs/external/require.js:450)
    [junit] 	at jdk.scripting.nashorn.scripts/jdk.nashorn.internal.scripts.Script$Recompilation$259$1AAAAAAAAAAAAAA$\^function\_.L:1(<function>:48)
    [junit] 	at jdk.scripting.nashorn.scripts/jdk.nashorn.internal.scripts.Script$Recompilation$258$17933AAAAAA$require$cu1$restOf.L:1#Accessor(/home/travis/build/icyphy/ptII/ptolemy/actor/lib/jjs/external/require.js#409:30<eval>:545)
    [junit] 	at jdk.scripting.nashorn.scripts/jdk.nashorn.internal.scripts.Script$Recompilation$244$2801AAA$\^eval\_.evaluateCode(<eval>:96)
    [junit] 	at jdk.scripting.nashorn/jdk.nashorn.internal.runtime.ScriptFunctionData.invoke(ScriptFunctionData.java:661)
    [junit] 	at jdk.scripting.nashorn/jdk.nashorn.internal.runtime.ScriptFunction.invoke(ScriptFunction.java:513)
    [junit] 	at jdk.scripting.nashorn/jdk.nashorn.internal.runtime.ScriptRuntime.apply(ScriptRuntime.java:527)
    [junit] 	at jdk.scripting.nashorn/jdk.nashorn.api.scripting.ScriptObjectMirror.callMember(ScriptObjectMirror.java:198)
    [junit] 	at jdk.scripting.nashorn/jdk.nashorn.api.scripting.NashornScriptEngine.invokeImpl(NashornScriptEngine.java:385)
    [junit] 	... 29 more
    [junit] javachdir: directory = ptolemy/actor/lib/jjs/modules/contextAware/test
    [junit] javachdir: pwd: /home/travis/build/icyphy/ptII/ptolemy/actor/lib/jjs/modules/contextAware/test  Invoking with -Djava.net.preferIPv4Stack=true
    [junit] Running ptolemy.actor.lib.jjs.modules.contextAware.test.junit.JUnitTclTest
    [junit] No tcl tests in /home/travis/build/icyphy/ptII/ptolemy/actor/lib/jjs/modules/contextAware/test
    [junit] ----------------- testing (KnownFailure) /home/travis/build/icyphy/ptII/ptolemy/actor/lib/jjs/modules/contextAware/test/auto/knownFailedTests/ContextAware.xml
    [junit] JSAccessor: PT_NO_NET environment variable is set, so git pull and ptdoc are not being run.
    [junit] WARNING: An illegal reflective access operation has occurred
    [junit] WARNING: Illegal reflective access by io.netty.util.internal.ReflectionUtil (file:/home/travis/build/icyphy/ptII/lib/netty-common-4.1.19.Final.jar) to constructor java.nio.DirectByteBuffer(long,int)
    [junit] WARNING: Please consider reporting this to the maintainers of io.netty.util.internal.ReflectionUtil
    [junit] WARNING: Use --illegal-access=warn to enable warnings of further illegal reflective access operations
    [junit] WARNING: All illegal access operations will be denied in a future release
    [junit] ContextAware: Making an HTTP request. (Thread[ContextAware,1,main])
    [junit] The total body: {
    [junit]   "error" : "Firebase error. Please ensure that you spelled the name of your Firebase correctly"
    [junit] }
    [junit] 
    [junit] WARNING: ContextAware: Model stopped before executing actions (e.g. producing outputs) scheduled for execution at times [5.0]
    [junit] java.lang.RuntimeException: Execution failed
    [junit] 	at ptolemy.moml.MoMLSimpleApplication$UnloadThread.run(MoMLSimpleApplication.java:402)
    [junit] Caused by: java.lang.RuntimeException: ContextAware: Request failed with code 404: Not Found
    [junit] 	at ptolemy.util.SimpleMessageHandler._error(SimpleMessageHandler.java:53)
    [junit] 	at ptolemy.util.MessageHandler.error(MessageHandler.java:84)
    [junit] 	at ptolemy.actor.lib.jjs.JavaScript.error(JavaScript.java:862)
    [junit] 	at ptolemy.actor.lib.jjs.RestrictedJavaScriptInterface.error(RestrictedJavaScriptInterface.java:123)
    [junit] 	at jdk.scripting.nashorn.scripts/jdk.nashorn.internal.scripts.Script$Recompilation$1775$3453A$\^eval\_.error(<eval>:98)
    [junit] 	at jdk.scripting.nashorn.scripts/jdk.nashorn.internal.scripts.Script$Recompilation$1773$16305A$require.L:1#_handleError(/home/travis/build/icyphy/ptII/ptolemy/actor/lib/jjs/external/require.js#409:30<eval>:383)
    [junit] 	at jdk.scripting.nashorn.scripts/jdk.nashorn.internal.scripts.Script$Recompilation$1748$17932AA$require.L:1#_errorResponse(/home/travis/build/icyphy/ptII/ptolemy/actor/lib/jjs/external/require.js#409:30<eval>:420)
    [junit] 	at jdk.scripting.nashorn/jdk.nashorn.internal.runtime.ScriptFunctionData.invoke(ScriptFunctionData.java:659)
    [junit] 	at jdk.scripting.nashorn/jdk.nashorn.internal.runtime.ScriptFunction.invoke(ScriptFunction.java:513)
    [junit] 	at jdk.scripting.nashorn/jdk.nashorn.internal.runtime.ScriptRuntime.apply(ScriptRuntime.java:527)
    [junit] 	at jdk.scripting.nashorn/jdk.nashorn.api.scripting.ScriptObjectMirror.callMember(ScriptObjectMirror.java:198)
    [junit] 	at ptolemy.actor.lib.jjs.modules.httpClient.HttpClientHelper$HttpClientResponseHandler$2.run(HttpClientHelper.java:343)
    [junit] 	at ptolemy.actor.lib.jjs.JavaScript.fire(JavaScript.java:1086)
    [junit] 	at ptolemy.domains.de.kernel.DEDirector._fire(DEDirector.java:1949)
    [junit] 	at ptolemy.domains.de.kernel.DEDirector.fire(DEDirector.java:502)
    [junit] 	at ptolemy.actor.CompositeActor.fire(CompositeActor.java:455)
    [junit] 	at ptolemy.actor.Manager.iterate(Manager.java:851)
    [junit] 	at ptolemy.actor.Manager.execute(Manager.java:369)
    [junit] 	at ptolemy.actor.Manager.run(Manager.java:1263)
    [junit] 	at ptolemy.actor.Manager$PtolemyRunThread.run(Manager.java:1915)
    [junit] 
    [junit] Exception: java.lang.RuntimeException thrown from the UncaughtExceptionHandler in thread "Thread-3"
    [junit] java.lang.reflect.InvocationTargetException
    [junit] 	at java.base/jdk.internal.reflect.NativeConstructorAccessorImpl.newInstance0(Native Method)
    [junit] 	at java.base/jdk.internal.reflect.NativeConstructorAccessorImpl.newInstance(NativeConstructorAccessorImpl.java:62)
    [junit] 	at java.base/jdk.internal.reflect.DelegatingConstructorAccessorImpl.newInstance(DelegatingConstructorAccessorImpl.java:45)
    [junit] 	at java.base/java.lang.reflect.Constructor.newInstance(Constructor.java:488)
    [junit] 	at ptolemy.util.test.junit.AutoKnownFailedTests.RunModel(AutoKnownFailedTests.java:105)
    [junit] 	at java.base/jdk.internal.reflect.NativeMethodAccessorImpl.invoke0(Native Method)
    [junit] 	at java.base/jdk.internal.reflect.NativeMethodAccessorImpl.invoke(NativeMethodAccessorImpl.java:62)
    [junit] 	at java.base/jdk.internal.reflect.DelegatingMethodAccessorImpl.invoke(DelegatingMethodAccessorImpl.java:43)
    [junit] 	at java.base/java.lang.reflect.Method.invoke(Method.java:564)
    [junit] 	at org.junit.runners.model.FrameworkMethod$1.runReflectiveCall(FrameworkMethod.java:44)
    [junit] 	at org.junit.internal.runners.model.ReflectiveCallable.run(ReflectiveCallable.java:15)
    [junit] 	at org.junit.runners.model.FrameworkMethod.invokeExplosively(FrameworkMethod.java:41)
    [junit] 	at junitparams.internal.InvokeParameterisedMethod.evaluate(InvokeParameterisedMethod.java:102)
    [junit] 	at org.junit.internal.runners.statements.FailOnTimeout$1.run(FailOnTimeout.java:28)
    [junit] Caused by: java.lang.RuntimeException: ContextAware: Request failed with code 404: Not Found
    [junit] 	at ptolemy.util.SimpleMessageHandler._error(SimpleMessageHandler.java:53)
    [junit] 	at ptolemy.util.MessageHandler.error(MessageHandler.java:84)
    [junit] 	at ptolemy.actor.lib.jjs.JavaScript.error(JavaScript.java:862)
    [junit] 	at ptolemy.actor.lib.jjs.RestrictedJavaScriptInterface.error(RestrictedJavaScriptInterface.java:123)
    [junit] 	at jdk.scripting.nashorn.scripts/jdk.nashorn.internal.scripts.Script$Recompilation$1775$3453A$\^eval\_.error(<eval>:98)
    [junit] 	at jdk.scripting.nashorn.scripts/jdk.nashorn.internal.scripts.Script$Recompilation$1773$16305A$require.L:1#_handleError(/home/travis/build/icyphy/ptII/ptolemy/actor/lib/jjs/external/require.js#409:30<eval>:383)
    [junit] 	at jdk.scripting.nashorn.scripts/jdk.nashorn.internal.scripts.Script$Recompilation$1748$17932AA$require.L:1#_errorResponse(/home/travis/build/icyphy/ptII/ptolemy/actor/lib/jjs/external/require.js#409:30<eval>:420)
    [junit] 	at jdk.scripting.nashorn/jdk.nashorn.internal.runtime.ScriptFunctionData.invoke(ScriptFunctionData.java:659)
    [junit] 	at jdk.scripting.nashorn/jdk.nashorn.internal.runtime.ScriptFunction.invoke(ScriptFunction.java:513)
    [junit] 	at jdk.scripting.nashorn/jdk.nashorn.internal.runtime.ScriptRuntime.apply(ScriptRuntime.java:527)
    [junit] 	at jdk.scripting.nashorn/jdk.nashorn.api.scripting.ScriptObjectMirror.callMember(ScriptObjectMirror.java:198)
    [junit] 	at ptolemy.actor.lib.jjs.modules.httpClient.HttpClientHelper$HttpClientResponseHandler$2.run(HttpClientHelper.java:343)
    [junit] 	at ptolemy.actor.lib.jjs.JavaScript.fire(JavaScript.java:1086)
    [junit] 	at ptolemy.domains.de.kernel.DEDirector._fire(DEDirector.java:1949)
    [junit] 	at ptolemy.domains.de.kernel.DEDirector.fire(DEDirector.java:502)
    [junit] 	at ptolemy.actor.CompositeActor.fire(CompositeActor.java:455)
    [junit] 	at ptolemy.actor.Manager.iterate(Manager.java:851)
    [junit] 	at ptolemy.actor.Manager.execute(Manager.java:369)
    [junit] 	at ptolemy.actor.Manager.run(Manager.java:1263)
    [junit] 	at ptolemy.actor.Manager$PtolemyRunThread.run(Manager.java:1915)
    [junit] 9248 ms. Memory: 417792K Free: 302886K (72%)
    [junit] Known Failure: java.lang.reflect.InvocationTargetException
    [junit] No auto/linux-amd64/*.xml tests in /home/travis/build/icyphy/ptII/ptolemy/actor/lib/jjs/modules/contextAware/test
    [junit] AutoTests.java: About to close Vertx.
    [junit] AutoTests.java: Vertx closed.
    [junit] No auto/*.xml tests in /home/travis/build/icyphy/ptII/ptolemy/actor/lib/jjs/modules/contextAware/test
    [junit] AutoTests.java: About to close Vertx.
    [junit] AutoTests.java: Vertx closed.
    [junit] Tests run: 4, Failures: 0, Errors: 0, Skipped: 0, Time elapsed: 18.11 sec
    [junit] Output:
    [junit] No tcl tests in /home/travis/build/icyphy/ptII/ptolemy/actor/lib/jjs/modules/contextAware/test
    [junit] ----------------- testing (KnownFailure) /home/travis/build/icyphy/ptII/ptolemy/actor/lib/jjs/modules/contextAware/test/auto/knownFailedTests/ContextAware.xml
    [junit] JSAccessor: PT_NO_NET environment variable is set, so git pull and ptdoc are not being run.
    [junit] ContextAware: Making an HTTP request. (Thread[ContextAware,1,main])
    [junit] The total body: {
    [junit]   "error" : "Firebase error. Please ensure that you spelled the name of your Firebase correctly"
    [junit] }
    [junit] 
    [junit] 9248 ms. Memory: 417792K Free: 302886K (72%)
    [junit] Known Failure: java.lang.reflect.InvocationTargetException
    [junit] No auto/linux-amd64/*.xml tests in /home/travis/build/icyphy/ptII/ptolemy/actor/lib/jjs/modules/contextAware/test
    [junit] AutoTests.java: About to close Vertx.
    [junit] AutoTests.java: Vertx closed.
    [junit] No auto/*.xml tests in /home/travis/build/icyphy/ptII/ptolemy/actor/lib/jjs/modules/contextAware/test
    [junit] AutoTests.java: About to close Vertx.
    [junit] AutoTests.java: Vertx closed.
    [junit] 
    [junit] Error: 
    [junit] WARNING: ContextAware: Model stopped before executing actions (e.g. producing outputs) scheduled for execution at times [5.0]
    [junit] java.lang.RuntimeException: Execution failed
    [junit] 	at ptolemy.moml.MoMLSimpleApplication$UnloadThread.run(MoMLSimpleApplication.java:402)
    [junit] Caused by: java.lang.RuntimeException: ContextAware: Request failed with code 404: Not Found
    [junit] 	at ptolemy.util.SimpleMessageHandler._error(SimpleMessageHandler.java:53)
    [junit] 	at ptolemy.util.MessageHandler.error(MessageHandler.java:84)
    [junit] 	at ptolemy.actor.lib.jjs.JavaScript.error(JavaScript.java:862)
    [junit] 	at ptolemy.actor.lib.jjs.RestrictedJavaScriptInterface.error(RestrictedJavaScriptInterface.java:123)
    [junit] 	at jdk.scripting.nashorn.scripts/jdk.nashorn.internal.scripts.Script$Recompilation$1775$3453A$\^eval\_.error(<eval>:98)
    [junit] 	at jdk.scripting.nashorn.scripts/jdk.nashorn.internal.scripts.Script$Recompilation$1773$16305A$require.L:1#_handleError(/home/travis/build/icyphy/ptII/ptolemy/actor/lib/jjs/external/require.js#409:30<eval>:383)
    [junit] 	at jdk.scripting.nashorn.scripts/jdk.nashorn.internal.scripts.Script$Recompilation$1748$17932AA$require.L:1#_errorResponse(/home/travis/build/icyphy/ptII/ptolemy/actor/lib/jjs/external/require.js#409:30<eval>:420)
    [junit] 	at jdk.scripting.nashorn/jdk.nashorn.internal.runtime.ScriptFunctionData.invoke(ScriptFunctionData.java:659)
    [junit] 	at jdk.scripting.nashorn/jdk.nashorn.internal.runtime.ScriptFunction.invoke(ScriptFunction.java:513)
    [junit] 	at jdk.scripting.nashorn/jdk.nashorn.internal.runtime.ScriptRuntime.apply(ScriptRuntime.java:527)
    [junit] 	at jdk.scripting.nashorn/jdk.nashorn.api.scripting.ScriptObjectMirror.callMember(ScriptObjectMirror.java:198)
    [junit] 	at ptolemy.actor.lib.jjs.modules.httpClient.HttpClientHelper$HttpClientResponseHandler$2.run(HttpClientHelper.java:343)
    [junit] 	at ptolemy.actor.lib.jjs.JavaScript.fire(JavaScript.java:1086)
    [junit] 	at ptolemy.domains.de.kernel.DEDirector._fire(DEDirector.java:1949)
    [junit] 	at ptolemy.domains.de.kernel.DEDirector.fire(DEDirector.java:502)
    [junit] 	at ptolemy.actor.CompositeActor.fire(CompositeActor.java:455)
    [junit] 	at ptolemy.actor.Manager.iterate(Manager.java:851)
    [junit] 	at ptolemy.actor.Manager.execute(Manager.java:369)
    [junit] 	at ptolemy.actor.Manager.run(Manager.java:1263)
    [junit] 	at ptolemy.actor.Manager$PtolemyRunThread.run(Manager.java:1915)
    [junit] java.lang.reflect.InvocationTargetException
    [junit] 	at java.base/jdk.internal.reflect.NativeConstructorAccessorImpl.newInstance0(Native Method)
    [junit] 	at java.base/jdk.internal.reflect.NativeConstructorAccessorImpl.newInstance(NativeConstructorAccessorImpl.java:62)
    [junit] 	at java.base/jdk.internal.reflect.DelegatingConstructorAccessorImpl.newInstance(DelegatingConstructorAccessorImpl.java:45)
    [junit] 	at java.base/java.lang.reflect.Constructor.newInstance(Constructor.java:488)
    [junit] 	at ptolemy.util.test.junit.AutoKnownFailedTests.RunModel(AutoKnownFailedTests.java:105)
    [junit] 	at java.base/jdk.internal.reflect.NativeMethodAccessorImpl.invoke0(Native Method)
    [junit] 	at java.base/jdk.internal.reflect.NativeMethodAccessorImpl.invoke(NativeMethodAccessorImpl.java:62)
    [junit] 	at java.base/jdk.internal.reflect.DelegatingMethodAccessorImpl.invoke(DelegatingMethodAccessorImpl.java:43)
    [junit] 	at java.base/java.lang.reflect.Method.invoke(Method.java:564)
    [junit] 	at org.junit.runners.model.FrameworkMethod$1.runReflectiveCall(FrameworkMethod.java:44)
    [junit] 	at org.junit.internal.runners.model.ReflectiveCallable.run(ReflectiveCallable.java:15)
    [junit] 	at org.junit.runners.model.FrameworkMethod.invokeExplosively(FrameworkMethod.java:41)
    [junit] 	at junitparams.internal.InvokeParameterisedMethod.evaluate(InvokeParameterisedMethod.java:102)
    [junit] 	at org.junit.internal.runners.statements.FailOnTimeout$1.run(FailOnTimeout.java:28)
    [junit] Caused by: java.lang.RuntimeException: ContextAware: Request failed with code 404: Not Found
    [junit] 	at ptolemy.util.SimpleMessageHandler._error(SimpleMessageHandler.java:53)
    [junit] 	at ptolemy.util.MessageHandler.error(MessageHandler.java:84)
    [junit] 	at ptolemy.actor.lib.jjs.JavaScript.error(JavaScript.java:862)
    [junit] 	at ptolemy.actor.lib.jjs.RestrictedJavaScriptInterface.error(RestrictedJavaScriptInterface.java:123)
    [junit] 	at jdk.scripting.nashorn.scripts/jdk.nashorn.internal.scripts.Script$Recompilation$1775$3453A$\^eval\_.error(<eval>:98)
    [junit] 	at jdk.scripting.nashorn.scripts/jdk.nashorn.internal.scripts.Script$Recompilation$1773$16305A$require.L:1#_handleError(/home/travis/build/icyphy/ptII/ptolemy/actor/lib/jjs/external/require.js#409:30<eval>:383)
    [junit] 	at jdk.scripting.nashorn.scripts/jdk.nashorn.internal.scripts.Script$Recompilation$1748$17932AA$require.L:1#_errorResponse(/home/travis/build/icyphy/ptII/ptolemy/actor/lib/jjs/external/require.js#409:30<eval>:420)
    [junit] 	at jdk.scripting.nashorn/jdk.nashorn.internal.runtime.ScriptFunctionData.invoke(ScriptFunctionData.java:659)
    [junit] 	at jdk.scripting.nashorn/jdk.nashorn.internal.runtime.ScriptFunction.invoke(ScriptFunction.java:513)
    [junit] 	at jdk.scripting.nashorn/jdk.nashorn.internal.runtime.ScriptRuntime.apply(ScriptRuntime.java:527)
    [junit] 	at jdk.scripting.nashorn/jdk.nashorn.api.scripting.ScriptObjectMirror.callMember(ScriptObjectMirror.java:198)
    [junit] 	at ptolemy.actor.lib.jjs.modules.httpClient.HttpClientHelper$HttpClientResponseHandler$2.run(HttpClientHelper.java:343)
    [junit] 	at ptolemy.actor.lib.jjs.JavaScript.fire(JavaScript.java:1086)
    [junit] 	at ptolemy.domains.de.kernel.DEDirector._fire(DEDirector.java:1949)
    [junit] 	at ptolemy.domains.de.kernel.DEDirector.fire(DEDirector.java:502)
    [junit] 	at ptolemy.actor.CompositeActor.fire(CompositeActor.java:455)
    [junit] 	at ptolemy.actor.Manager.iterate(Manager.java:851)
    [junit] 	at ptolemy.actor.Manager.execute(Manager.java:369)
    [junit] 	at ptolemy.actor.Manager.run(Manager.java:1263)
    [junit] 	at ptolemy.actor.Manager$PtolemyRunThread.run(Manager.java:1915)
    [junit] 
    [junit] javachdir: directory = ptolemy/actor/lib/jjs/modules/discovery/test
    [junit] javachdir: pwd: /home/travis/build/icyphy/ptII/ptolemy/actor/lib/jjs/modules/discovery/test  Invoking with -Djava.net.preferIPv4Stack=true
    [junit] Running ptolemy.actor.lib.jjs.modules.discovery.test.junit.JUnitTclTest
    [junit] No tcl tests in /home/travis/build/icyphy/ptII/ptolemy/actor/lib/jjs/modules/discovery/test
    [junit] No auto/knownFailedTests/*.xml tests in /home/travis/build/icyphy/ptII/ptolemy/actor/lib/jjs/modules/discovery/test
    [junit] No auto/linux-amd64/*.xml tests in /home/travis/build/icyphy/ptII/ptolemy/actor/lib/jjs/modules/discovery/test
    [junit] WARNING: An illegal reflective access operation has occurred
    [junit] WARNING: Illegal reflective access by io.netty.util.internal.ReflectionUtil (file:/home/travis/build/icyphy/ptII/lib/netty-common-4.1.19.Final.jar) to constructor java.nio.DirectByteBuffer(long,int)
    [junit] WARNING: Please consider reporting this to the maintainers of io.netty.util.internal.ReflectionUtil
    [junit] WARNING: Use --illegal-access=warn to enable warnings of further illegal reflective access operations
    [junit] WARNING: All illegal access operations will be denied in a future release
    [junit] AutoTests.java: About to close Vertx.
    [junit] AutoTests.java: Vertx closed.
    [junit] 
    [junit] ===========================================================================================
    [junit] ----------------- testing Wed Jul 10 17:27:41 UTC 2019 /home/travis/build/icyphy/ptII/ptolemy/actor/lib/jjs/modules/discovery/test/auto/DiscoveryJSStdout.xml
    [junit] ----------------- Wed Jul 10 17:27:41 UTC 2019 About to sleep for 5.0 seconds before running or rerunning.  Test is: /home/travis/build/icyphy/ptII/ptolemy/actor/lib/jjs/modules/discovery/test/auto/DiscoveryJSStdout.xml
    [junit] Done sleeping
    [junit] ----------------- Instantiating /home/travis/build/icyphy/ptII/ptolemy/actor/lib/jjs/modules/discovery/test/auto/DiscoveryJSStdout.xml
    [junit] JSAccessor: PT_NO_NET environment variable is set, so git pull and ptdoc are not being run.
    [junit] Manager.initialize() finished: 10636 ms. Memory: 498688K Free: 343550K (69%)
    [junit] {{IPAddress = "172.17.0.1", mac = "Host machine", name = "Host machine"}}
    [junit] "172.17.0.1"
    [junit] 15756 ms. Memory: 498688K Free: 198142K (40%)
    [junit] ----------------- Invoking toplevel() on ptolemy.moml.MoMLSimpleApplication@3b1ec234
    [junit] ----------------- Done invoking toplevel() on ptolemy.moml.MoMLSimpleApplication@3b1ec234
    [junit] reloadAllAccessors: .DiscoveryJSStdout
    [junit] This is the first time that the reloadAllAccessors method has been invoked in this JVM, so the the accessors repo will be checked out or updated and JSDoc invoked. Note that running the tests may end up invoking a new JVM for each directory, so the repo may be checked out or updated and JSDoc invoked more than once when the tests are run.
    [junit] -------------- Reloaded accessors, but skipping rerun for now. Wed Jul 10 17:28:16 UTC 2019 /home/travis/build/icyphy/ptII/ptolemy/actor/lib/jjs/modules/discovery/test/auto/DiscoveryJSStdout.xml
    [junit] AutoTests.java: About to close Vertx.
    [junit] AutoTests.java: Vertx closed.
    [junit] Tests run: 4, Failures: 0, Errors: 0, Skipped: 0, Time elapsed: 36.47 sec
    [junit] Output:
    [junit] No tcl tests in /home/travis/build/icyphy/ptII/ptolemy/actor/lib/jjs/modules/discovery/test
    [junit] No auto/knownFailedTests/*.xml tests in /home/travis/build/icyphy/ptII/ptolemy/actor/lib/jjs/modules/discovery/test
    [junit] No auto/linux-amd64/*.xml tests in /home/travis/build/icyphy/ptII/ptolemy/actor/lib/jjs/modules/discovery/test
    [junit] AutoTests.java: About to close Vertx.
    [junit] AutoTests.java: Vertx closed.
    [junit] 
    [junit] ===========================================================================================
    [junit] ----------------- testing Wed Jul 10 17:27:41 UTC 2019 /home/travis/build/icyphy/ptII/ptolemy/actor/lib/jjs/modules/discovery/test/auto/DiscoveryJSStdout.xml
    [junit] ----------------- Wed Jul 10 17:27:41 UTC 2019 About to sleep for 5.0 seconds before running or rerunning.  Test is: /home/travis/build/icyphy/ptII/ptolemy/actor/lib/jjs/modules/discovery/test/auto/DiscoveryJSStdout.xml
    [junit] Done sleeping
    [junit] ----------------- Instantiating /home/travis/build/icyphy/ptII/ptolemy/actor/lib/jjs/modules/discovery/test/auto/DiscoveryJSStdout.xml
    [junit] JSAccessor: PT_NO_NET environment variable is set, so git pull and ptdoc are not being run.
    [junit] Manager.initialize() finished: 10636 ms. Memory: 498688K Free: 343550K (69%)
    [junit] {{IPAddress = "172.17.0.1", mac = "Host machine", name = "Host machine"}}
    [junit] "172.17.0.1"
    [junit] 15756 ms. Memory: 498688K Free: 198142K (40%)
    [junit] ----------------- Invoking toplevel() on ptolemy.moml.MoMLSimpleApplication@3b1ec234
    [junit] ----------------- Done invoking toplevel() on ptolemy.moml.MoMLSimpleApplication@3b1ec234
    [junit] reloadAllAccessors: .DiscoveryJSStdout
    [junit] This is the first time that the reloadAllAccessors method has been invoked in this JVM, so the the accessors repo will be checked out or updated and JSDoc invoked. Note that running the tests may end up invoking a new JVM for each directory, so the repo may be checked out or updated and JSDoc invoked more than once when the tests are run.
    [junit] -------------- Reloaded accessors, but skipping rerun for now. Wed Jul 10 17:28:16 UTC 2019 /home/travis/build/icyphy/ptII/ptolemy/actor/lib/jjs/modules/discovery/test/auto/DiscoveryJSStdout.xml
    [junit] AutoTests.java: About to close Vertx.
    [junit] AutoTests.java: Vertx closed.
    [junit] 
    [junit] javachdir: directory = ptolemy/actor/lib/jjs/modules/eventbus/test
    [junit] javachdir: pwd: /home/travis/build/icyphy/ptII/ptolemy/actor/lib/jjs/modules/eventbus/test  Invoking with -Djava.net.preferIPv4Stack=true
    [junit] Running ptolemy.actor.lib.jjs.modules.eventbus.test.junit.JUnitTclTest
    [junit] No tcl tests in /home/travis/build/icyphy/ptII/ptolemy/actor/lib/jjs/modules/eventbus/test
    [junit] No auto/knownFailedTests/*.xml tests in /home/travis/build/icyphy/ptII/ptolemy/actor/lib/jjs/modules/eventbus/test
    [junit] No auto/linux-amd64/*.xml tests in /home/travis/build/icyphy/ptII/ptolemy/actor/lib/jjs/modules/eventbus/test
    [junit] WARNING: An illegal reflective access operation has occurred
    [junit] WARNING: Illegal reflective access by io.netty.util.internal.ReflectionUtil (file:/home/travis/build/icyphy/ptII/lib/netty-common-4.1.19.Final.jar) to constructor java.nio.DirectByteBuffer(long,int)
    [junit] WARNING: Please consider reporting this to the maintainers of io.netty.util.internal.ReflectionUtil
    [junit] WARNING: Use --illegal-access=warn to enable warnings of further illegal reflective access operations
    [junit] WARNING: All illegal access operations will be denied in a future release
    [junit] AutoTests.java: About to close Vertx.
    [junit] AutoTests.java: Vertx closed.
    [junit] 
    [junit] ===========================================================================================
    [junit] ----------------- testing Wed Jul 10 17:28:18 UTC 2019 /home/travis/build/icyphy/ptII/ptolemy/actor/lib/jjs/modules/eventbus/test/auto/SmokeTest.xml
    [junit] ----------------- Wed Jul 10 17:28:18 UTC 2019 About to sleep for 5.0 seconds before running or rerunning.  Test is: /home/travis/build/icyphy/ptII/ptolemy/actor/lib/jjs/modules/eventbus/test/auto/SmokeTest.xml
    [junit] Done sleeping
    [junit] ----------------- Instantiating /home/travis/build/icyphy/ptII/ptolemy/actor/lib/jjs/modules/eventbus/test/auto/SmokeTest.xml
    [junit] 6300 ms. Memory: 272384K Free: 123152K (45%)
    [junit] ----------------- Invoking toplevel() on ptolemy.moml.MoMLSimpleApplication@f1ce7a3
    [junit] ----------------- Done invoking toplevel() on ptolemy.moml.MoMLSimpleApplication@f1ce7a3
    [junit] reloadAllAccessors: .SmokeTest
    [junit] 
    [junit] ===========================================================================================
    [junit] ----------------- testing Wed Jul 10 17:28:36 UTC 2019 /home/travis/build/icyphy/ptII/ptolemy/actor/lib/jjs/modules/eventbus/test/auto/VertxEventBus1.xml
    [junit] ----------------- Wed Jul 10 17:28:36 UTC 2019 About to sleep for 5.0 seconds before running or rerunning.  Test is: /home/travis/build/icyphy/ptII/ptolemy/actor/lib/jjs/modules/eventbus/test/auto/VertxEventBus1.xml
    [junit] Done sleeping
    [junit] ----------------- Instantiating /home/travis/build/icyphy/ptII/ptolemy/actor/lib/jjs/modules/eventbus/test/auto/VertxEventBus1.xml
    [junit] JSAccessor: PT_NO_NET environment variable is set, so git pull and ptdoc are not being run.
    [junit] Manager.initialize() finished: 13724 ms. Memory: 782336K Free: 656279K (84%)
    [junit] 14803 ms. Memory: 782336K Free: 605596K (77%)
    [junit] ----------------- Invoking toplevel() on ptolemy.moml.MoMLSimpleApplication@2c932481
    [junit] ----------------- Done invoking toplevel() on ptolemy.moml.MoMLSimpleApplication@2c932481
    [junit] reloadAllAccessors: .VertxEventBus1
    [junit] This is the first time that the reloadAllAccessors method has been invoked in this JVM, so the the accessors repo will be checked out or updated and JSDoc invoked. Note that running the tests may end up invoking a new JVM for each directory, so the repo may be checked out or updated and JSDoc invoked more than once when the tests are run.
    [junit] -------------- Reloaded accessors, but skipping rerun for now. Wed Jul 10 17:29:10 UTC 2019 /home/travis/build/icyphy/ptII/ptolemy/actor/lib/jjs/modules/eventbus/test/auto/VertxEventBus1.xml
    [junit] 
    [junit] ===========================================================================================
    [junit] ----------------- testing Wed Jul 10 17:29:10 UTC 2019 /home/travis/build/icyphy/ptII/ptolemy/actor/lib/jjs/modules/eventbus/test/auto/VertxEventBus2.xml
    [junit] ----------------- Wed Jul 10 17:29:10 UTC 2019 About to sleep for 5.0 seconds before running or rerunning.  Test is: /home/travis/build/icyphy/ptII/ptolemy/actor/lib/jjs/modules/eventbus/test/auto/VertxEventBus2.xml
    [junit] Done sleeping
    [junit] ----------------- Instantiating /home/travis/build/icyphy/ptII/ptolemy/actor/lib/jjs/modules/eventbus/test/auto/VertxEventBus2.xml
    [junit] Manager.initialize() finished: 13833 ms. Memory: 1163264K Free: 507904K (44%)
    [junit] 14916 ms. Memory: 1163264K Free: 447998K (39%)
    [junit] ----------------- Invoking toplevel() on ptolemy.moml.MoMLSimpleApplication@3f3b1a18
    [junit] ----------------- Done invoking toplevel() on ptolemy.moml.MoMLSimpleApplication@3f3b1a18
    [junit] reloadAllAccessors: .VertxEventBus2
    [junit] -------------- Reloaded accessors, but skipping rerun for now. Wed Jul 10 17:29:44 UTC 2019 /home/travis/build/icyphy/ptII/ptolemy/actor/lib/jjs/modules/eventbus/test/auto/VertxEventBus2.xml
    [junit] 
    [junit] ===========================================================================================
    [junit] ----------------- testing Wed Jul 10 17:29:44 UTC 2019 /home/travis/build/icyphy/ptII/ptolemy/actor/lib/jjs/modules/eventbus/test/auto/VertxEventBus3.xml
    [junit] ----------------- Wed Jul 10 17:29:44 UTC 2019 About to sleep for 5.0 seconds before running or rerunning.  Test is: /home/travis/build/icyphy/ptII/ptolemy/actor/lib/jjs/modules/eventbus/test/auto/VertxEventBus3.xml
    [junit] Done sleeping
    [junit] ----------------- Instantiating /home/travis/build/icyphy/ptII/ptolemy/actor/lib/jjs/modules/eventbus/test/auto/VertxEventBus3.xml
    [junit] Manager.initialize() finished: 12145 ms. Memory: 1321984K Free: 538110K (41%)
    [junit] 13247 ms. Memory: 1321984K Free: 475136K (36%)
    [junit] ----------------- Invoking toplevel() on ptolemy.moml.MoMLSimpleApplication@1e0330bd
    [junit] ----------------- Done invoking toplevel() on ptolemy.moml.MoMLSimpleApplication@1e0330bd
    [junit] reloadAllAccessors: .VertxEventBus3
    [junit] -------------- Reloaded accessors, but skipping rerun for now. Wed Jul 10 17:30:15 UTC 2019 /home/travis/build/icyphy/ptII/ptolemy/actor/lib/jjs/modules/eventbus/test/auto/VertxEventBus3.xml
    [junit] 
    [junit] ===========================================================================================
    [junit] ----------------- testing Wed Jul 10 17:30:15 UTC 2019 /home/travis/build/icyphy/ptII/ptolemy/actor/lib/jjs/modules/eventbus/test/auto/VertxEventBus4.xml
    [junit] ----------------- Wed Jul 10 17:30:15 UTC 2019 About to sleep for 5.0 seconds before running or rerunning.  Test is: /home/travis/build/icyphy/ptII/ptolemy/actor/lib/jjs/modules/eventbus/test/auto/VertxEventBus4.xml
    [junit] Done sleeping
    [junit] ----------------- Instantiating /home/travis/build/icyphy/ptII/ptolemy/actor/lib/jjs/modules/eventbus/test/auto/VertxEventBus4.xml
    [junit] preinitialize() finished: 10656 ms. Memory: 1474560K Free: 585726K (40%)
    [junit] Manager.initialize() finished: 17979 ms. Memory: 1474560K Free: 458418K (31%)
    [junit] 19163 ms. Memory: 1474560K Free: 1033214K (70%)
    [junit] ----------------- Invoking toplevel() on ptolemy.moml.MoMLSimpleApplication@5597036b
    [junit] ----------------- Done invoking toplevel() on ptolemy.moml.MoMLSimpleApplication@5597036b
    [junit] reloadAllAccessors: .VertxEventBus4
    [junit] -------------- Reloaded accessors, but skipping rerun for now. Wed Jul 10 17:30:57 UTC 2019 /home/travis/build/icyphy/ptII/ptolemy/actor/lib/jjs/modules/eventbus/test/auto/VertxEventBus4.xml
    [junit] AutoTests.java: About to close Vertx.
    [junit] AutoTests.java: Vertx closed.
    [junit] Tests run: 8, Failures: 0, Errors: 0, Skipped: 0, Time elapsed: 160.399 sec
    [junit] Output:
    [junit] No tcl tests in /home/travis/build/icyphy/ptII/ptolemy/actor/lib/jjs/modules/eventbus/test
    [junit] No auto/knownFailedTests/*.xml tests in /home/travis/build/icyphy/ptII/ptolemy/actor/lib/jjs/modules/eventbus/test
    [junit] No auto/linux-amd64/*.xml tests in /home/travis/build/icyphy/ptII/ptolemy/actor/lib/jjs/modules/eventbus/test
    [junit] AutoTests.java: About to close Vertx.
    [junit] AutoTests.java: Vertx closed.
    [junit] 
    [junit] ===========================================================================================
    [junit] ----------------- testing Wed Jul 10 17:28:18 UTC 2019 /home/travis/build/icyphy/ptII/ptolemy/actor/lib/jjs/modules/eventbus/test/auto/SmokeTest.xml
    [junit] ----------------- Wed Jul 10 17:28:18 UTC 2019 About to sleep for 5.0 seconds before running or rerunning.  Test is: /home/travis/build/icyphy/ptII/ptolemy/actor/lib/jjs/modules/eventbus/test/auto/SmokeTest.xml
    [junit] Done sleeping
    [junit] ----------------- Instantiating /home/travis/build/icyphy/ptII/ptolemy/actor/lib/jjs/modules/eventbus/test/auto/SmokeTest.xml
    [junit] 6300 ms. Memory: 272384K Free: 123152K (45%)
    [junit] ----------------- Invoking toplevel() on ptolemy.moml.MoMLSimpleApplication@f1ce7a3
    [junit] ----------------- Done invoking toplevel() on ptolemy.moml.MoMLSimpleApplication@f1ce7a3
    [junit] reloadAllAccessors: .SmokeTest
    [junit] 
    [junit] ===========================================================================================
    [junit] ----------------- testing Wed Jul 10 17:28:36 UTC 2019 /home/travis/build/icyphy/ptII/ptolemy/actor/lib/jjs/modules/eventbus/test/auto/VertxEventBus1.xml
    [junit] ----------------- Wed Jul 10 17:28:36 UTC 2019 About to sleep for 5.0 seconds before running or rerunning.  Test is: /home/travis/build/icyphy/ptII/ptolemy/actor/lib/jjs/modules/eventbus/test/auto/VertxEventBus1.xml
    [junit] Done sleeping
    [junit] ----------------- Instantiating /home/travis/build/icyphy/ptII/ptolemy/actor/lib/jjs/modules/eventbus/test/auto/VertxEventBus1.xml
    [junit] JSAccessor: PT_NO_NET environment variable is set, so git pull and ptdoc are not being run.
    [junit] Manager.initialize() finished: 13724 ms. Memory: 782336K Free: 656279K (84%)
    [junit] 14803 ms. Memory: 782336K Free: 605596K (77%)
    [junit] ----------------- Invoking toplevel() on ptolemy.moml.MoMLSimpleApplication@2c932481
    [junit] ----------------- Done invoking toplevel() on ptolemy.moml.MoMLSimpleApplication@2c932481
    [junit] reloadAllAccessors: .VertxEventBus1
    [junit] This is the first time that the reloadAllAccessors method has been invoked in this JVM, so the the accessors repo will be checked out or updated and JSDoc invoked. Note that running the tests may end up invoking a new JVM for each directory, so the repo may be checked out or updated and JSDoc invoked more than once when the tests are run.
    [junit] -------------- Reloaded accessors, but skipping rerun for now. Wed Jul 10 17:29:10 UTC 2019 /home/travis/build/icyphy/ptII/ptolemy/actor/lib/jjs/modules/eventbus/test/auto/VertxEventBus1.xml
    [junit] 
    [junit] ===========================================================================================
    [junit] ----------------- testing Wed Jul 10 17:29:10 UTC 2019 /home/travis/build/icyphy/ptII/ptolemy/actor/lib/jjs/modules/eventbus/test/auto/VertxEventBus2.xml
    [junit] ----------------- Wed Jul 10 17:29:10 UTC 2019 About to sleep for 5.0 seconds before running or rerunning.  Test is: /home/travis/build/icyphy/ptII/ptolemy/actor/lib/jjs/modules/eventbus/test/auto/VertxEventBus2.xml
    [junit] Done sleeping
    [junit] ----------------- Instantiating /home/travis/build/icyphy/ptII/ptolemy/actor/lib/jjs/modules/eventbus/test/auto/VertxEventBus2.xml
    [junit] Manager.initialize() finished: 13833 ms. Memory: 1163264K Free: 507904K (44%)
    [junit] 14916 ms. Memory: 1163264K Free: 447998K (39%)
    [junit] ----------------- Invoking toplevel() on ptolemy.moml.MoMLSimpleApplication@3f3b1a18
    [junit] ----------------- Done invoking toplevel() on ptolemy.moml.MoMLSimpleApplication@3f3b1a18
    [junit] reloadAllAccessors: .VertxEventBus2
    [junit] -------------- Reloaded accessors, but skipping rerun for now. Wed Jul 10 17:29:44 UTC 2019 /home/travis/build/icyphy/ptII/ptolemy/actor/lib/jjs/modules/eventbus/test/auto/VertxEventBus2.xml
    [junit] 
    [junit] ===========================================================================================
    [junit] ----------------- testing Wed Jul 10 17:29:44 UTC 2019 /home/travis/build/icyphy/ptII/ptolemy/actor/lib/jjs/modules/eventbus/test/auto/VertxEventBus3.xml
    [junit] ----------------- Wed Jul 10 17:29:44 UTC 2019 About to sleep for 5.0 seconds before running or rerunning.  Test is: /home/travis/build/icyphy/ptII/ptolemy/actor/lib/jjs/modules/eventbus/test/auto/VertxEventBus3.xml
    [junit] Done sleeping
    [junit] ----------------- Instantiating /home/travis/build/icyphy/ptII/ptolemy/actor/lib/jjs/modules/eventbus/test/auto/VertxEventBus3.xml
    [junit] Manager.initialize() finished: 12145 ms. Memory: 1321984K Free: 538110K (41%)
    [junit] 13247 ms. Memory: 1321984K Free: 475136K (36%)
    [junit] ----------------- Invoking toplevel() on ptolemy.moml.MoMLSimpleApplication@1e0330bd
    [junit] ----------------- Done invoking toplevel() on ptolemy.moml.MoMLSimpleApplication@1e0330bd
    [junit] reloadAllAccessors: .VertxEventBus3
    [junit] -------------- Reloaded accessors, but skipping rerun for now. Wed Jul 10 17:30:15 UTC 2019 /home/travis/build/icyphy/ptII/ptolemy/actor/lib/jjs/modules/eventbus/test/auto/VertxEventBus3.xml
    [junit] 
    [junit] ===========================================================================================
    [junit] ----------------- testing Wed Jul 10 17:30:15 UTC 2019 /home/travis/build/icyphy/ptII/ptolemy/actor/lib/jjs/modules/eventbus/test/auto/VertxEventBus4.xml
    [junit] ----------------- Wed Jul 10 17:30:15 UTC 2019 About to sleep for 5.0 seconds before running or rerunning.  Test is: /home/travis/build/icyphy/ptII/ptolemy/actor/lib/jjs/modules/eventbus/test/auto/VertxEventBus4.xml
    [junit] Done sleeping
    [junit] ----------------- Instantiating /home/travis/build/icyphy/ptII/ptolemy/actor/lib/jjs/modules/eventbus/test/auto/VertxEventBus4.xml
    [junit] preinitialize() finished: 10656 ms. Memory: 1474560K Free: 585726K (40%)
    [junit] Manager.initialize() finished: 17979 ms. Memory: 1474560K Free: 458418K (31%)
    [junit] 19163 ms. Memory: 1474560K Free: 1033214K (70%)
    [junit] ----------------- Invoking toplevel() on ptolemy.moml.MoMLSimpleApplication@5597036b
    [junit] ----------------- Done invoking toplevel() on ptolemy.moml.MoMLSimpleApplication@5597036b
    [junit] reloadAllAccessors: .VertxEventBus4
    [junit] -------------- Reloaded accessors, but skipping rerun for now. Wed Jul 10 17:30:57 UTC 2019 /home/travis/build/icyphy/ptII/ptolemy/actor/lib/jjs/modules/eventbus/test/auto/VertxEventBus4.xml
    [junit] AutoTests.java: About to close Vertx.
    [junit] AutoTests.java: Vertx closed.
    [junit] 
    [junit] javachdir: directory = ptolemy/actor/lib/jjs/modules/faceDetector/test
    [junit] javachdir: pwd: /home/travis/build/icyphy/ptII/ptolemy/actor/lib/jjs/modules/faceDetector/test  Invoking with -Djava.net.preferIPv4Stack=true
    [junit] Running ptolemy.actor.lib.jjs.modules.faceDetector.test.junit.JUnitTclTest
    [junit] No tcl tests in /home/travis/build/icyphy/ptII/ptolemy/actor/lib/jjs/modules/faceDetector/test
    [junit] No auto/knownFailedTests/*.xml tests in /home/travis/build/icyphy/ptII/ptolemy/actor/lib/jjs/modules/faceDetector/test
    [junit] No auto/linux-amd64/*.xml tests in /home/travis/build/icyphy/ptII/ptolemy/actor/lib/jjs/modules/faceDetector/test
    [junit] WARNING: An illegal reflective access operation has occurred
    [junit] WARNING: Illegal reflective access by io.netty.util.internal.ReflectionUtil (file:/home/travis/build/icyphy/ptII/lib/netty-common-4.1.19.Final.jar) to constructor java.nio.DirectByteBuffer(long,int)
    [junit] WARNING: Please consider reporting this to the maintainers of io.netty.util.internal.ReflectionUtil
    [junit] WARNING: Use --illegal-access=warn to enable warnings of further illegal reflective access operations
    [junit] WARNING: All illegal access operations will be denied in a future release
    [junit] AutoTests.java: About to close Vertx.
    [junit] AutoTests.java: Vertx closed.
    [junit] 
    [junit] ===========================================================================================
    [junit] ----------------- testing Wed Jul 10 17:30:59 UTC 2019 /home/travis/build/icyphy/ptII/ptolemy/actor/lib/jjs/modules/faceDetector/test/auto/TestFaceDetector.xml
    [junit] ----------------- Wed Jul 10 17:30:59 UTC 2019 About to sleep for 5.0 seconds before running or rerunning.  Test is: /home/travis/build/icyphy/ptII/ptolemy/actor/lib/jjs/modules/faceDetector/test/auto/TestFaceDetector.xml
    [junit] Done sleeping
    [junit] ----------------- Instantiating /home/travis/build/icyphy/ptII/ptolemy/actor/lib/jjs/modules/faceDetector/test/auto/TestFaceDetector.xml
    [junit] JSAccessor: PT_NO_NET environment variable is set, so git pull and ptdoc are not being run.
    [junit] preinitialize() finished: 11676 ms. Memory: 709632K Free: 258291K (36%)
    [junit] Manager.initialize() finished: 19475 ms. Memory: 954368K Free: 603136K (63%)
    [junit] 21508 ms. Memory: 954368K Free: 497664K (52%)
    [junit] ----------------- Invoking toplevel() on ptolemy.moml.MoMLSimpleApplication@7bf0059d
    [junit] ----------------- Done invoking toplevel() on ptolemy.moml.MoMLSimpleApplication@7bf0059d
    [junit] reloadAllAccessors: .TestFaceDetector
    [junit] This is the first time that the reloadAllAccessors method has been invoked in this JVM, so the the accessors repo will be checked out or updated and JSDoc invoked. Note that running the tests may end up invoking a new JVM for each directory, so the repo may be checked out or updated and JSDoc invoked more than once when the tests are run.
    [junit] -------------- Reloaded accessors, but skipping rerun for now. Wed Jul 10 17:31:51 UTC 2019 /home/travis/build/icyphy/ptII/ptolemy/actor/lib/jjs/modules/faceDetector/test/auto/TestFaceDetector.xml
    [junit] AutoTests.java: About to close Vertx.
    [junit] AutoTests.java: Vertx closed.
    [junit] Tests run: 4, Failures: 0, Errors: 0, Skipped: 0, Time elapsed: 52.537 sec
    [junit] Output:
    [junit] No tcl tests in /home/travis/build/icyphy/ptII/ptolemy/actor/lib/jjs/modules/faceDetector/test
    [junit] No auto/knownFailedTests/*.xml tests in /home/travis/build/icyphy/ptII/ptolemy/actor/lib/jjs/modules/faceDetector/test
    [junit] No auto/linux-amd64/*.xml tests in /home/travis/build/icyphy/ptII/ptolemy/actor/lib/jjs/modules/faceDetector/test
    [junit] AutoTests.java: About to close Vertx.
    [junit] AutoTests.java: Vertx closed.
    [junit] 
    [junit] ===========================================================================================
    [junit] ----------------- testing Wed Jul 10 17:30:59 UTC 2019 /home/travis/build/icyphy/ptII/ptolemy/actor/lib/jjs/modules/faceDetector/test/auto/TestFaceDetector.xml
    [junit] ----------------- Wed Jul 10 17:30:59 UTC 2019 About to sleep for 5.0 seconds before running or rerunning.  Test is: /home/travis/build/icyphy/ptII/ptolemy/actor/lib/jjs/modules/faceDetector/test/auto/TestFaceDetector.xml
    [junit] Done sleeping
    [junit] ----------------- Instantiating /home/travis/build/icyphy/ptII/ptolemy/actor/lib/jjs/modules/faceDetector/test/auto/TestFaceDetector.xml
    [junit] JSAccessor: PT_NO_NET environment variable is set, so git pull and ptdoc are not being run.
    [junit] preinitialize() finished: 11676 ms. Memory: 709632K Free: 258291K (36%)
    [junit] Manager.initialize() finished: 19475 ms. Memory: 954368K Free: 603136K (63%)
    [junit] 21508 ms. Memory: 954368K Free: 497664K (52%)
    [junit] ----------------- Invoking toplevel() on ptolemy.moml.MoMLSimpleApplication@7bf0059d
    [junit] ----------------- Done invoking toplevel() on ptolemy.moml.MoMLSimpleApplication@7bf0059d
    [junit] reloadAllAccessors: .TestFaceDetector
    [junit] This is the first time that the reloadAllAccessors method has been invoked in this JVM, so the the accessors repo will be checked out or updated and JSDoc invoked. Note that running the tests may end up invoking a new JVM for each directory, so the repo may be checked out or updated and JSDoc invoked more than once when the tests are run.
    [junit] -------------- Reloaded accessors, but skipping rerun for now. Wed Jul 10 17:31:51 UTC 2019 /home/travis/build/icyphy/ptII/ptolemy/actor/lib/jjs/modules/faceDetector/test/auto/TestFaceDetector.xml
    [junit] AutoTests.java: About to close Vertx.
    [junit] AutoTests.java: Vertx closed.
    [junit] 
    [junit] javachdir: directory = ptolemy/actor/lib/jjs/modules/httpClient/test
    [junit] javachdir: pwd: /home/travis/build/icyphy/ptII/ptolemy/actor/lib/jjs/modules/httpClient/test  Invoking with -Djava.net.preferIPv4Stack=true
    [junit] Running ptolemy.actor.lib.jjs.modules.httpClient.test.junit.JUnitTclTest
    [junit] No tcl tests in /home/travis/build/icyphy/ptII/ptolemy/actor/lib/jjs/modules/httpClient/test
    [junit] No auto/knownFailedTests/*.xml tests in /home/travis/build/icyphy/ptII/ptolemy/actor/lib/jjs/modules/httpClient/test
    [junit] No auto/linux-amd64/*.xml tests in /home/travis/build/icyphy/ptII/ptolemy/actor/lib/jjs/modules/httpClient/test
    [junit] WARNING: An illegal reflective access operation has occurred
    [junit] WARNING: Illegal reflective access by io.netty.util.internal.ReflectionUtil (file:/home/travis/build/icyphy/ptII/lib/netty-common-4.1.19.Final.jar) to constructor java.nio.DirectByteBuffer(long,int)
    [junit] WARNING: Please consider reporting this to the maintainers of io.netty.util.internal.ReflectionUtil
    [junit] WARNING: Use --illegal-access=warn to enable warnings of further illegal reflective access operations
    [junit] WARNING: All illegal access operations will be denied in a future release
    [junit] AutoTests.java: About to close Vertx.
    [junit] AutoTests.java: Vertx closed.
    [junit] 
    [junit] ===========================================================================================
    [junit] ----------------- testing Wed Jul 10 17:31:53 UTC 2019 /home/travis/build/icyphy/ptII/ptolemy/actor/lib/jjs/modules/httpClient/test/auto/GeoCoderWeather.xml
    [junit] ----------------- Wed Jul 10 17:31:53 UTC 2019 About to sleep for 5.0 seconds before running or rerunning.  Test is: /home/travis/build/icyphy/ptII/ptolemy/actor/lib/jjs/modules/httpClient/test/auto/GeoCoderWeather.xml
    [junit] Done sleeping
    [junit] ----------------- Instantiating /home/travis/build/icyphy/ptII/ptolemy/actor/lib/jjs/modules/httpClient/test/auto/GeoCoderWeather.xml
    [junit] JSAccessor: PT_NO_NET environment variable is set, so git pull and ptdoc are not being run.
    [junit] preinitialize() finished: 20202 ms. Memory: 1219584K Free: 450040K (37%)
    [junit] Manager.initialize() finished: 32300 ms. Memory: 1219584K Free: 651277K (53%)
    [junit] GeoCoder: Making an HTTP request. (Thread[GeoCoderWeather,1,main])
    [junit] true
    [junit] Weather: Making an HTTP request. (Thread[GeoCoderWeather,1,main])
    [junit] true
    [junit] WARNING: GeoCoder: Model stopped before executing actions (e.g. producing outputs) scheduled for execution at times [11.0]
    [junit] WARNING: Weather: Model stopped before executing actions (e.g. producing outputs) scheduled for execution at times [12.48]
    [junit] 36413 ms. Memory: 1219584K Free: 391690K (32%)
    [junit] ----------------- Invoking toplevel() on ptolemy.moml.MoMLSimpleApplication@24e08c78
    [junit] ----------------- Done invoking toplevel() on ptolemy.moml.MoMLSimpleApplication@24e08c78
    [junit] reloadAllAccessors: .GeoCoderWeather
    [junit] This is the first time that the reloadAllAccessors method has been invoked in this JVM, so the the accessors repo will be checked out or updated and JSDoc invoked. Note that running the tests may end up invoking a new JVM for each directory, so the repo may be checked out or updated and JSDoc invoked more than once when the tests are run.
    [junit] -------------- Reloaded accessors, but skipping rerun for now. Wed Jul 10 17:33:10 UTC 2019 /home/travis/build/icyphy/ptII/ptolemy/actor/lib/jjs/modules/httpClient/test/auto/GeoCoderWeather.xml
    [junit] 
    [junit] ===========================================================================================
    [junit] ----------------- *** Skipping testing of /home/travis/build/icyphy/ptII/ptolemy/actor/lib/jjs/modules/httpClient/test/auto/RESTComposite.xml because it does fails under Travis.  To updated this list, edit ptolemy/util/test/junit/AutoTests.java
    [junit] 
    [junit] ===========================================================================================
    [junit] ----------------- *** Skipping testing of /home/travis/build/icyphy/ptII/ptolemy/actor/lib/jjs/modules/httpClient/test/auto/RESTGet.xml because it does fails under Travis.  To updated this list, edit ptolemy/util/test/junit/AutoTests.java
    [junit] 
    [junit] ===========================================================================================
    [junit] ----------------- *** Skipping testing of /home/travis/build/icyphy/ptII/ptolemy/actor/lib/jjs/modules/httpClient/test/auto/RESTGetCompleteResponseOnly.xml because it does fails under Travis.  To updated this list, edit ptolemy/util/test/junit/AutoTests.java
    [junit] 
    [junit] ===========================================================================================
    [junit] ----------------- *** Skipping testing of /home/travis/build/icyphy/ptII/ptolemy/actor/lib/jjs/modules/httpClient/test/auto/RESTPost.xml because it does fails under Travis.  To updated this list, edit ptolemy/util/test/junit/AutoTests.java
    [junit] 
    [junit] ===========================================================================================
    [junit] ----------------- *** Skipping testing of /home/travis/build/icyphy/ptII/ptolemy/actor/lib/jjs/modules/httpClient/test/auto/RESTPostDataTypes.xml because it does fails under Travis.  To updated this list, edit ptolemy/util/test/junit/AutoTests.java
    [junit] 
    [junit] ===========================================================================================
    [junit] ----------------- *** Skipping testing of /home/travis/build/icyphy/ptII/ptolemy/actor/lib/jjs/modules/httpClient/test/auto/RESTPut.xml because it does fails under Travis.  To updated this list, edit ptolemy/util/test/junit/AutoTests.java
    [junit] 
    [junit] ===========================================================================================
    [junit] ----------------- *** Skipping testing of /home/travis/build/icyphy/ptII/ptolemy/actor/lib/jjs/modules/httpClient/test/auto/RESTReceiveImage.xml because it does fails under Travis.  To updated this list, edit ptolemy/util/test/junit/AutoTests.java
    [junit] 
    [junit] ===========================================================================================
    [junit] ----------------- *** Skipping testing of /home/travis/build/icyphy/ptII/ptolemy/actor/lib/jjs/modules/httpClient/test/auto/RESTSendImage.xml because it does fails under Travis.  To updated this list, edit ptolemy/util/test/junit/AutoTests.java
    [junit] 
    [junit] ===========================================================================================
    [junit] ----------------- *** Skipping testing of /home/travis/build/icyphy/ptII/ptolemy/actor/lib/jjs/modules/httpClient/test/auto/RESTStringURL.xml because it does fails under Travis.  To updated this list, edit ptolemy/util/test/junit/AutoTests.java
    [junit] 
    [junit] ===========================================================================================
    [junit] ----------------- *** Skipping testing of /home/travis/build/icyphy/ptII/ptolemy/actor/lib/jjs/modules/httpClient/test/auto/RESTTimeout.xml because it does fails under Travis.  To updated this list, edit ptolemy/util/test/junit/AutoTests.java
    [junit] 
    [junit] ===========================================================================================
    [junit] ----------------- testing Wed Jul 10 17:33:10 UTC 2019 /home/travis/build/icyphy/ptII/ptolemy/actor/lib/jjs/modules/httpClient/test/auto/RESTWithTimeout.xml
    [junit] ----------------- Wed Jul 10 17:33:10 UTC 2019 About to sleep for 5.0 seconds before running or rerunning.  Test is: /home/travis/build/icyphy/ptII/ptolemy/actor/lib/jjs/modules/httpClient/test/auto/RESTWithTimeout.xml
    [junit] Done sleeping
    [junit] ----------------- Instantiating /home/travis/build/icyphy/ptII/ptolemy/actor/lib/jjs/modules/httpClient/test/auto/RESTWithTimeout.xml
    [junit] REST: Making an HTTP request. (Thread[RESTWithTimeout,1,main])
    [junit] 4566 ms. Memory: 1376256K Free: 507904K (37%)
    [junit] ----------------- Invoking toplevel() on ptolemy.moml.MoMLSimpleApplication@4e32dffb
    [junit] ----------------- Done invoking toplevel() on ptolemy.moml.MoMLSimpleApplication@4e32dffb
    [junit] reloadAllAccessors: .RESTWithTimeout
    [junit] -------------- Reloaded accessors, but skipping rerun for now. Wed Jul 10 17:33:24 UTC 2019 /home/travis/build/icyphy/ptII/ptolemy/actor/lib/jjs/modules/httpClient/test/auto/RESTWithTimeout.xml
    [junit] AutoTests.java: About to close Vertx.
    [junit] AutoTests.java: Vertx closed.
    [junit] HttpClientHelper.java: Received an error for request 0: io.vertx.core.VertxException: Connection was closed
    [junit] io.vertx.core.VertxException: Connection was closed
    [junit] Jul 10, 2019 5:33:24 PM io.vertx.core.impl.ContextImpl
    [junit] SEVERE: Unhandled exception
    [junit] java.lang.IllegalStateException: Client is closed
    [junit] 	at io.vertx.core.http.impl.HttpClientImpl.checkClosed(HttpClientImpl.java:1035)
    [junit] 	at io.vertx.core.http.impl.HttpClientImpl.close(HttpClientImpl.java:901)
    [junit] 	at ptolemy.actor.lib.jjs.modules.httpClient.HttpClientHelper$HttpClientExceptionHandler.handle(HttpClientHelper.java:288)
    [junit] 	at ptolemy.actor.lib.jjs.modules.httpClient.HttpClientHelper$HttpClientExceptionHandler.handle(HttpClientHelper.java:240)
    [junit] 	at io.vertx.core.http.impl.HttpClientRequestBase.handleException(HttpClientRequestBase.java:130)
    [junit] 	at io.vertx.core.http.impl.HttpClientRequestImpl.handleException(HttpClientRequestImpl.java:50)
    [junit] 	at io.vertx.core.http.impl.Http1xClientConnection.handleClosed(Http1xClientConnection.java:730)
    [junit] 	at io.vertx.core.impl.ContextImpl.lambda$wrapTask$2(ContextImpl.java:337)
    [junit] 	at io.vertx.core.impl.ContextImpl.executeFromIO(ContextImpl.java:195)
    [junit] 	at io.vertx.core.net.impl.VertxHandler.channelInactive(VertxHandler.java:130)
    [junit] 	at io.vertx.core.http.impl.Http1xClientHandler.channelInactive(Http1xClientHandler.java:91)
    [junit] 	at io.netty.channel.AbstractChannelHandlerContext.invokeChannelInactive(AbstractChannelHandlerContext.java:245)
    [junit] 	at io.netty.channel.AbstractChannelHandlerContext.invokeChannelInactive(AbstractChannelHandlerContext.java:231)
    [junit] 	at io.netty.channel.AbstractChannelHandlerContext.fireChannelInactive(AbstractChannelHandlerContext.java:224)
    [junit] 	at io.netty.channel.CombinedChannelDuplexHandler$DelegatingChannelHandlerContext.fireChannelInactive(CombinedChannelDuplexHandler.java:420)
    [junit] 	at io.netty.handler.codec.ByteToMessageDecoder.channelInputClosed(ByteToMessageDecoder.java:377)
    [junit] 	at io.netty.handler.codec.ByteToMessageDecoder.channelInactive(ByteToMessageDecoder.java:342)
    [junit] 	at io.netty.handler.codec.http.HttpClientCodec$Decoder.channelInactive(HttpClientCodec.java:282)
    [junit] 	at io.netty.channel.CombinedChannelDuplexHandler.channelInactive(CombinedChannelDuplexHandler.java:223)
    [junit] 	at io.netty.channel.AbstractChannelHandlerContext.invokeChannelInactive(AbstractChannelHandlerContext.java:245)
    [junit] 	at io.netty.channel.AbstractChannelHandlerContext.invokeChannelInactive(AbstractChannelHandlerContext.java:231)
    [junit] 	at io.netty.channel.AbstractChannelHandlerContext.fireChannelInactive(AbstractChannelHandlerContext.java:224)
    [junit] 	at io.netty.channel.DefaultChannelPipeline$HeadContext.channelInactive(DefaultChannelPipeline.java:1354)
    [junit] 	at io.netty.channel.AbstractChannelHandlerContext.invokeChannelInactive(AbstractChannelHandlerContext.java:245)
    [junit] 	at io.netty.channel.AbstractChannelHandlerContext.invokeChannelInactive(AbstractChannelHandlerContext.java:231)
    [junit] 	at io.netty.channel.DefaultChannelPipeline.fireChannelInactive(DefaultChannelPipeline.java:917)
    [junit] 	at io.netty.channel.AbstractChannel$AbstractUnsafe$8.run(AbstractChannel.java:822)
    [junit] 	at io.netty.util.concurrent.AbstractEventExecutor.safeExecute(AbstractEventExecutor.java:163)
    [junit] 	at io.netty.util.concurrent.SingleThreadEventExecutor.runAllTasks(SingleThreadEventExecutor.java:404)
    [junit] 	at io.netty.channel.nio.NioEventLoop.run(NioEventLoop.java:463)
    [junit] 	at io.netty.util.concurrent.SingleThreadEventExecutor$5.run(SingleThreadEventExecutor.java:886)
    [junit] 	at io.netty.util.concurrent.FastThreadLocalRunnable.run(FastThreadLocalRunnable.java:30)
    [junit] 	at java.base/java.lang.Thread.run(Thread.java:844)
    [junit] 
    [junit] Tests run: 15, Failures: 0, Errors: 0, Skipped: 0, Time elapsed: 92.003 sec
    [junit] Output:
    [junit] No tcl tests in /home/travis/build/icyphy/ptII/ptolemy/actor/lib/jjs/modules/httpClient/test
    [junit] No auto/knownFailedTests/*.xml tests in /home/travis/build/icyphy/ptII/ptolemy/actor/lib/jjs/modules/httpClient/test
    [junit] No auto/linux-amd64/*.xml tests in /home/travis/build/icyphy/ptII/ptolemy/actor/lib/jjs/modules/httpClient/test
    [junit] AutoTests.java: About to close Vertx.
    [junit] AutoTests.java: Vertx closed.
    [junit] 
    [junit] ===========================================================================================
    [junit] ----------------- testing Wed Jul 10 17:31:53 UTC 2019 /home/travis/build/icyphy/ptII/ptolemy/actor/lib/jjs/modules/httpClient/test/auto/GeoCoderWeather.xml
    [junit] ----------------- Wed Jul 10 17:31:53 UTC 2019 About to sleep for 5.0 seconds before running or rerunning.  Test is: /home/travis/build/icyphy/ptII/ptolemy/actor/lib/jjs/modules/httpClient/test/auto/GeoCoderWeather.xml
    [junit] Done sleeping
    [junit] ----------------- Instantiating /home/travis/build/icyphy/ptII/ptolemy/actor/lib/jjs/modules/httpClient/test/auto/GeoCoderWeather.xml
    [junit] JSAccessor: PT_NO_NET environment variable is set, so git pull and ptdoc are not being run.
    [junit] preinitialize() finished: 20202 ms. Memory: 1219584K Free: 450040K (37%)
    [junit] Manager.initialize() finished: 32300 ms. Memory: 1219584K Free: 651277K (53%)
    [junit] GeoCoder: Making an HTTP request. (Thread[GeoCoderWeather,1,main])
    [junit] true
    [junit] Weather: Making an HTTP request. (Thread[GeoCoderWeather,1,main])
    [junit] true
    [junit] 36413 ms. Memory: 1219584K Free: 391690K (32%)
    [junit] ----------------- Invoking toplevel() on ptolemy.moml.MoMLSimpleApplication@24e08c78
    [junit] ----------------- Done invoking toplevel() on ptolemy.moml.MoMLSimpleApplication@24e08c78
    [junit] reloadAllAccessors: .GeoCoderWeather
    [junit] This is the first time that the reloadAllAccessors method has been invoked in this JVM, so the the accessors repo will be checked out or updated and JSDoc invoked. Note that running the tests may end up invoking a new JVM for each directory, so the repo may be checked out or updated and JSDoc invoked more than once when the tests are run.
    [junit] -------------- Reloaded accessors, but skipping rerun for now. Wed Jul 10 17:33:10 UTC 2019 /home/travis/build/icyphy/ptII/ptolemy/actor/lib/jjs/modules/httpClient/test/auto/GeoCoderWeather.xml
    [junit] 
    [junit] ===========================================================================================
    [junit] ----------------- *** Skipping testing of /home/travis/build/icyphy/ptII/ptolemy/actor/lib/jjs/modules/httpClient/test/auto/RESTComposite.xml because it does fails under Travis.  To updated this list, edit ptolemy/util/test/junit/AutoTests.java
    [junit] 
    [junit] ===========================================================================================
    [junit] ----------------- *** Skipping testing of /home/travis/build/icyphy/ptII/ptolemy/actor/lib/jjs/modules/httpClient/test/auto/RESTGet.xml because it does fails under Travis.  To updated this list, edit ptolemy/util/test/junit/AutoTests.java
    [junit] 
    [junit] ===========================================================================================
    [junit] ----------------- *** Skipping testing of /home/travis/build/icyphy/ptII/ptolemy/actor/lib/jjs/modules/httpClient/test/auto/RESTGetCompleteResponseOnly.xml because it does fails under Travis.  To updated this list, edit ptolemy/util/test/junit/AutoTests.java
    [junit] 
    [junit] ===========================================================================================
    [junit] ----------------- *** Skipping testing of /home/travis/build/icyphy/ptII/ptolemy/actor/lib/jjs/modules/httpClient/test/auto/RESTPost.xml because it does fails under Travis.  To updated this list, edit ptolemy/util/test/junit/AutoTests.java
    [junit] 
    [junit] ===========================================================================================
    [junit] ----------------- *** Skipping testing of /home/travis/build/icyphy/ptII/ptolemy/actor/lib/jjs/modules/httpClient/test/auto/RESTPostDataTypes.xml because it does fails under Travis.  To updated this list, edit ptolemy/util/test/junit/AutoTests.java
    [junit] 
    [junit] ===========================================================================================
    [junit] ----------------- *** Skipping testing of /home/travis/build/icyphy/ptII/ptolemy/actor/lib/jjs/modules/httpClient/test/auto/RESTPut.xml because it does fails under Travis.  To updated this list, edit ptolemy/util/test/junit/AutoTests.java
    [junit] 
    [junit] ===========================================================================================
    [junit] ----------------- *** Skipping testing of /home/travis/build/icyphy/ptII/ptolemy/actor/lib/jjs/modules/httpClient/test/auto/RESTReceiveImage.xml because it does fails under Travis.  To updated this list, edit ptolemy/util/test/junit/AutoTests.java
    [junit] 
    [junit] ===========================================================================================
    [junit] ----------------- *** Skipping testing of /home/travis/build/icyphy/ptII/ptolemy/actor/lib/jjs/modules/httpClient/test/auto/RESTSendImage.xml because it does fails under Travis.  To updated this list, edit ptolemy/util/test/junit/AutoTests.java
    [junit] 
    [junit] ===========================================================================================
    [junit] ----------------- *** Skipping testing of /home/travis/build/icyphy/ptII/ptolemy/actor/lib/jjs/modules/httpClient/test/auto/RESTStringURL.xml because it does fails under Travis.  To updated this list, edit ptolemy/util/test/junit/AutoTests.java
    [junit] 
    [junit] ===========================================================================================
    [junit] ----------------- *** Skipping testing of /home/travis/build/icyphy/ptII/ptolemy/actor/lib/jjs/modules/httpClient/test/auto/RESTTimeout.xml because it does fails under Travis.  To updated this list, edit ptolemy/util/test/junit/AutoTests.java
    [junit] 
    [junit] ===========================================================================================
    [junit] ----------------- testing Wed Jul 10 17:33:10 UTC 2019 /home/travis/build/icyphy/ptII/ptolemy/actor/lib/jjs/modules/httpClient/test/auto/RESTWithTimeout.xml
    [junit] ----------------- Wed Jul 10 17:33:10 UTC 2019 About to sleep for 5.0 seconds before running or rerunning.  Test is: /home/travis/build/icyphy/ptII/ptolemy/actor/lib/jjs/modules/httpClient/test/auto/RESTWithTimeout.xml
    [junit] Done sleeping
    [junit] ----------------- Instantiating /home/travis/build/icyphy/ptII/ptolemy/actor/lib/jjs/modules/httpClient/test/auto/RESTWithTimeout.xml
    [junit] REST: Making an HTTP request. (Thread[RESTWithTimeout,1,main])
    [junit] 4566 ms. Memory: 1376256K Free: 507904K (37%)
    [junit] ----------------- Invoking toplevel() on ptolemy.moml.MoMLSimpleApplication@4e32dffb
    [junit] ----------------- Done invoking toplevel() on ptolemy.moml.MoMLSimpleApplication@4e32dffb
    [junit] reloadAllAccessors: .RESTWithTimeout
    [junit] -------------- Reloaded accessors, but skipping rerun for now. Wed Jul 10 17:33:24 UTC 2019 /home/travis/build/icyphy/ptII/ptolemy/actor/lib/jjs/modules/httpClient/test/auto/RESTWithTimeout.xml
    [junit] AutoTests.java: About to close Vertx.
    [junit] AutoTests.java: Vertx closed.
    [junit] 
    [junit] Error: 
    [junit] WARNING: GeoCoder: Model stopped before executing actions (e.g. producing outputs) scheduled for execution at times [11.0]
    [junit] WARNING: Weather: Model stopped before executing actions (e.g. producing outputs) scheduled for execution at times [12.48]
    [junit] 
    [junit] javachdir: directory = ptolemy/actor/lib/jjs/modules/httpServer/test
    [junit] javachdir: pwd: /home/travis/build/icyphy/ptII/ptolemy/actor/lib/jjs/modules/httpServer/test  Invoking with -Djava.net.preferIPv4Stack=true
    [junit] Running ptolemy.actor.lib.jjs.modules.httpServer.test.junit.JUnitTclTest
    [junit] No tcl tests in /home/travis/build/icyphy/ptII/ptolemy/actor/lib/jjs/modules/httpServer/test
    [junit] No auto/knownFailedTests/*.xml tests in /home/travis/build/icyphy/ptII/ptolemy/actor/lib/jjs/modules/httpServer/test
    [junit] No auto/linux-amd64/*.xml tests in /home/travis/build/icyphy/ptII/ptolemy/actor/lib/jjs/modules/httpServer/test
    [junit] WARNING: An illegal reflective access operation has occurred
    [junit] WARNING: Illegal reflective access by io.netty.util.internal.ReflectionUtil (file:/home/travis/build/icyphy/ptII/lib/netty-common-4.1.19.Final.jar) to constructor java.nio.DirectByteBuffer(long,int)
    [junit] WARNING: Please consider reporting this to the maintainers of io.netty.util.internal.ReflectionUtil
    [junit] WARNING: Use --illegal-access=warn to enable warnings of further illegal reflective access operations
    [junit] WARNING: All illegal access operations will be denied in a future release
    [junit] AutoTests.java: About to close Vertx.
    [junit] AutoTests.java: Vertx closed.
    [junit] 
    [junit] ===========================================================================================
    [junit] ----------------- *** Skipping testing of /home/travis/build/icyphy/ptII/ptolemy/actor/lib/jjs/modules/httpServer/test/auto/KeyValueStoreClient.xml because it does fails under Travis.  To updated this list, edit ptolemy/util/test/junit/AutoTests.java
    [junit] 
    [junit] ===========================================================================================
    [junit] ----------------- testing Wed Jul 10 17:33:26 UTC 2019 /home/travis/build/icyphy/ptII/ptolemy/actor/lib/jjs/modules/httpServer/test/auto/WebServer.xml
    [junit] ----------------- Wed Jul 10 17:33:26 UTC 2019 About to sleep for 5.0 seconds before running or rerunning.  Test is: /home/travis/build/icyphy/ptII/ptolemy/actor/lib/jjs/modules/httpServer/test/auto/WebServer.xml
    [junit] Done sleeping
    [junit] ----------------- Instantiating /home/travis/build/icyphy/ptII/ptolemy/actor/lib/jjs/modules/httpServer/test/auto/WebServer.xml
    [junit] JSAccessor: PT_NO_NET environment variable is set, so git pull and ptdoc are not being run.
    [junit] preinitialize() finished: 22254 ms. Memory: 1297408K Free: 1023964K (79%)
    [junit] WebServer: WebServer: Creating new server. (Thread[WebServer,1,main])
    [junit] WebServer: WebServer: Listening for requests. (Thread[vert.x-eventloop-thread-0,1,main])
    [junit] Manager.initialize() finished: 38314 ms. Memory: 1568768K Free: 1321472K (84%)
    [junit] REST: Making an HTTP request. (Thread[WebServer,1,main])
    [junit] WebServer: Server received request. (Thread[WebServer,1,main])
    [junit] true
    [junit] WebServer: WebServer: Stopping the server. (Thread[WebServer,1,main])
    [junit] WARNING: WebServer: Model stopped before executing actions (e.g. producing outputs) scheduled for execution at times [11.43]
    [junit] WARNING: REST: Model stopped before executing actions (e.g. producing outputs) scheduled for execution at times [29.0]
    [junit] WARNING: JavaScriptBarrier: Model stopped before executing actions (e.g. producing outputs) scheduled for execution at times [18.0]
    [junit] 40915 ms. Memory: 1568768K Free: 1084928K (69%)
    [junit] ----------------- Invoking toplevel() on ptolemy.moml.MoMLSimpleApplication@69d62153
    [junit] ----------------- Done invoking toplevel() on ptolemy.moml.MoMLSimpleApplication@69d62153
    [junit] reloadAllAccessors: .WebServer
    [junit] This is the first time that the reloadAllAccessors method has been invoked in this JVM, so the the accessors repo will be checked out or updated and JSDoc invoked. Note that running the tests may end up invoking a new JVM for each directory, so the repo may be checked out or updated and JSDoc invoked more than once when the tests are run.
    [junit] -------------- Reloaded accessors, but skipping rerun for now. Wed Jul 10 17:34:57 UTC 2019 /home/travis/build/icyphy/ptII/ptolemy/actor/lib/jjs/modules/httpServer/test/auto/WebServer.xml
    [junit] 
    [junit] ===========================================================================================
    [junit] ----------------- *** Skipping testing of /home/travis/build/icyphy/ptII/ptolemy/actor/lib/jjs/modules/httpServer/test/auto/WebServerBasic.xml because it does fails under Travis.  To updated this list, edit ptolemy/util/test/junit/AutoTests.java
    [junit] 
    [junit] ===========================================================================================
    [junit] ----------------- *** Skipping testing of /home/travis/build/icyphy/ptII/ptolemy/actor/lib/jjs/modules/httpServer/test/auto/WebServerTimeout.xml because it does fails under Travis.  To updated this list, edit ptolemy/util/test/junit/AutoTests.java
    [junit] AutoTests.java: About to close Vertx.
    [junit] AutoTests.java: Vertx closed.
    [junit] Tests run: 7, Failures: 0, Errors: 0, Skipped: 0, Time elapsed: 92.258 sec
    [junit] Output:
    [junit] No tcl tests in /home/travis/build/icyphy/ptII/ptolemy/actor/lib/jjs/modules/httpServer/test
    [junit] No auto/knownFailedTests/*.xml tests in /home/travis/build/icyphy/ptII/ptolemy/actor/lib/jjs/modules/httpServer/test
    [junit] No auto/linux-amd64/*.xml tests in /home/travis/build/icyphy/ptII/ptolemy/actor/lib/jjs/modules/httpServer/test
    [junit] AutoTests.java: About to close Vertx.
    [junit] AutoTests.java: Vertx closed.
    [junit] 
    [junit] ===========================================================================================
    [junit] ----------------- *** Skipping testing of /home/travis/build/icyphy/ptII/ptolemy/actor/lib/jjs/modules/httpServer/test/auto/KeyValueStoreClient.xml because it does fails under Travis.  To updated this list, edit ptolemy/util/test/junit/AutoTests.java
    [junit] 
    [junit] ===========================================================================================
    [junit] ----------------- testing Wed Jul 10 17:33:26 UTC 2019 /home/travis/build/icyphy/ptII/ptolemy/actor/lib/jjs/modules/httpServer/test/auto/WebServer.xml
    [junit] ----------------- Wed Jul 10 17:33:26 UTC 2019 About to sleep for 5.0 seconds before running or rerunning.  Test is: /home/travis/build/icyphy/ptII/ptolemy/actor/lib/jjs/modules/httpServer/test/auto/WebServer.xml
    [junit] Done sleeping
    [junit] ----------------- Instantiating /home/travis/build/icyphy/ptII/ptolemy/actor/lib/jjs/modules/httpServer/test/auto/WebServer.xml
    [junit] JSAccessor: PT_NO_NET environment variable is set, so git pull and ptdoc are not being run.
    [junit] preinitialize() finished: 22254 ms. Memory: 1297408K Free: 1023964K (79%)
    [junit] WebServer: WebServer: Creating new server. (Thread[WebServer,1,main])
    [junit] WebServer: WebServer: Listening for requests. (Thread[vert.x-eventloop-thread-0,1,main])
    [junit] Manager.initialize() finished: 38314 ms. Memory: 1568768K Free: 1321472K (84%)
    [junit] REST: Making an HTTP request. (Thread[WebServer,1,main])
    [junit] WebServer: Server received request. (Thread[WebServer,1,main])
    [junit] true
    [junit] WebServer: WebServer: Stopping the server. (Thread[WebServer,1,main])
    [junit] 40915 ms. Memory: 1568768K Free: 1084928K (69%)
    [junit] ----------------- Invoking toplevel() on ptolemy.moml.MoMLSimpleApplication@69d62153
    [junit] ----------------- Done invoking toplevel() on ptolemy.moml.MoMLSimpleApplication@69d62153
    [junit] reloadAllAccessors: .WebServer
    [junit] This is the first time that the reloadAllAccessors method has been invoked in this JVM, so the the accessors repo will be checked out or updated and JSDoc invoked. Note that running the tests may end up invoking a new JVM for each directory, so the repo may be checked out or updated and JSDoc invoked more than once when the tests are run.
    [junit] -------------- Reloaded accessors, but skipping rerun for now. Wed Jul 10 17:34:57 UTC 2019 /home/travis/build/icyphy/ptII/ptolemy/actor/lib/jjs/modules/httpServer/test/auto/WebServer.xml
    [junit] 
    [junit] ===========================================================================================
    [junit] ----------------- *** Skipping testing of /home/travis/build/icyphy/ptII/ptolemy/actor/lib/jjs/modules/httpServer/test/auto/WebServerBasic.xml because it does fails under Travis.  To updated this list, edit ptolemy/util/test/junit/AutoTests.java
    [junit] 
    [junit] ===========================================================================================
    [junit] ----------------- *** Skipping testing of /home/travis/build/icyphy/ptII/ptolemy/actor/lib/jjs/modules/httpServer/test/auto/WebServerTimeout.xml because it does fails under Travis.  To updated this list, edit ptolemy/util/test/junit/AutoTests.java
    [junit] AutoTests.java: About to close Vertx.
    [junit] AutoTests.java: Vertx closed.
    [junit] 
    [junit] Error: 
    [junit] WARNING: WebServer: Model stopped before executing actions (e.g. producing outputs) scheduled for execution at times [11.43]
    [junit] WARNING: REST: Model stopped before executing actions (e.g. producing outputs) scheduled for execution at times [29.0]
    [junit] WARNING: JavaScriptBarrier: Model stopped before executing actions (e.g. producing outputs) scheduled for execution at times [18.0]
    [junit] 
    [junit] javachdir: directory = ptolemy/actor/lib/jjs/modules/mapManager/test
    [junit] javachdir: pwd: /home/travis/build/icyphy/ptII/ptolemy/actor/lib/jjs/modules/mapManager/test  Invoking with -Djava.net.preferIPv4Stack=true
    [junit] Running ptolemy.actor.lib.jjs.modules.mapManager.test.junit.JUnitTclTest
    [junit] No tcl tests in /home/travis/build/icyphy/ptII/ptolemy/actor/lib/jjs/modules/mapManager/test
    [junit] No auto/knownFailedTests/*.xml tests in /home/travis/build/icyphy/ptII/ptolemy/actor/lib/jjs/modules/mapManager/test
    [junit] No auto/linux-amd64/*.xml tests in /home/travis/build/icyphy/ptII/ptolemy/actor/lib/jjs/modules/mapManager/test
    [junit] WARNING: An illegal reflective access operation has occurred
    [junit] WARNING: Illegal reflective access by io.netty.util.internal.ReflectionUtil (file:/home/travis/build/icyphy/ptII/lib/netty-common-4.1.19.Final.jar) to constructor java.nio.DirectByteBuffer(long,int)
    [junit] WARNING: Please consider reporting this to the maintainers of io.netty.util.internal.ReflectionUtil
    [junit] WARNING: Use --illegal-access=warn to enable warnings of further illegal reflective access operations
    [junit] WARNING: All illegal access operations will be denied in a future release
    [junit] AutoTests.java: About to close Vertx.
    [junit] AutoTests.java: Vertx closed.
    [junit] 
    [junit] ===========================================================================================
    [junit] ----------------- testing Wed Jul 10 17:34:59 UTC 2019 /home/travis/build/icyphy/ptII/ptolemy/actor/lib/jjs/modules/mapManager/test/auto/createEntity.xml
    [junit] ----------------- Wed Jul 10 17:34:59 UTC 2019 About to sleep for 5.0 seconds before running or rerunning.  Test is: /home/travis/build/icyphy/ptII/ptolemy/actor/lib/jjs/modules/mapManager/test/auto/createEntity.xml
    [junit] Done sleeping
    [junit] ----------------- Instantiating /home/travis/build/icyphy/ptII/ptolemy/actor/lib/jjs/modules/mapManager/test/auto/createEntity.xml
    [junit] 6364 ms. Memory: 234496K Free: 109992K (47%)
    [junit] ----------------- Invoking toplevel() on ptolemy.moml.MoMLSimpleApplication@9d77b6e
    [junit] ----------------- Done invoking toplevel() on ptolemy.moml.MoMLSimpleApplication@9d77b6e
    [junit] reloadAllAccessors: .createEntity
    [junit] 
    [junit] ===========================================================================================
    [junit] ----------------- testing Wed Jul 10 17:35:17 UTC 2019 /home/travis/build/icyphy/ptII/ptolemy/actor/lib/jjs/modules/mapManager/test/auto/createEntityAliases.xml
    [junit] ----------------- Wed Jul 10 17:35:17 UTC 2019 About to sleep for 5.0 seconds before running or rerunning.  Test is: /home/travis/build/icyphy/ptII/ptolemy/actor/lib/jjs/modules/mapManager/test/auto/createEntityAliases.xml
    [junit] Done sleeping
    [junit] ----------------- Instantiating /home/travis/build/icyphy/ptII/ptolemy/actor/lib/jjs/modules/mapManager/test/auto/createEntityAliases.xml
    [junit] 5039 ms. Memory: 440320K Free: 135166K (31%)
    [junit] ----------------- Invoking toplevel() on ptolemy.moml.MoMLSimpleApplication@5873e21a
    [junit] ----------------- Done invoking toplevel() on ptolemy.moml.MoMLSimpleApplication@5873e21a
    [junit] reloadAllAccessors: .createEntityAliases
    [junit] 
    [junit] ===========================================================================================
    [junit] ----------------- testing Wed Jul 10 17:35:30 UTC 2019 /home/travis/build/icyphy/ptII/ptolemy/actor/lib/jjs/modules/mapManager/test/auto/createMap.xml
    [junit] ----------------- Wed Jul 10 17:35:30 UTC 2019 About to sleep for 5.0 seconds before running or rerunning.  Test is: /home/travis/build/icyphy/ptII/ptolemy/actor/lib/jjs/modules/mapManager/test/auto/createMap.xml
    [junit] Done sleeping
    [junit] ----------------- Instantiating /home/travis/build/icyphy/ptII/ptolemy/actor/lib/jjs/modules/mapManager/test/auto/createMap.xml
    [junit] 4804 ms. Memory: 528384K Free: 202088K (38%)
    [junit] ----------------- Invoking toplevel() on ptolemy.moml.MoMLSimpleApplication@6832e69c
    [junit] ----------------- Done invoking toplevel() on ptolemy.moml.MoMLSimpleApplication@6832e69c
    [junit] reloadAllAccessors: .createMap
    [junit] 
    [junit] ===========================================================================================
    [junit] ----------------- testing Wed Jul 10 17:35:43 UTC 2019 /home/travis/build/icyphy/ptII/ptolemy/actor/lib/jjs/modules/mapManager/test/auto/entityOccupancy.xml
    [junit] ----------------- Wed Jul 10 17:35:43 UTC 2019 About to sleep for 5.0 seconds before running or rerunning.  Test is: /home/travis/build/icyphy/ptII/ptolemy/actor/lib/jjs/modules/mapManager/test/auto/entityOccupancy.xml
    [junit] Done sleeping
    [junit] ----------------- Instantiating /home/travis/build/icyphy/ptII/ptolemy/actor/lib/jjs/modules/mapManager/test/auto/entityOccupancy.xml
    [junit] 4893 ms. Memory: 674816K Free: 452317K (67%)
    [junit] ----------------- Invoking toplevel() on ptolemy.moml.MoMLSimpleApplication@b0d4e02
    [junit] ----------------- Done invoking toplevel() on ptolemy.moml.MoMLSimpleApplication@b0d4e02
    [junit] reloadAllAccessors: .entityOccupancy
    [junit] 
    [junit] ===========================================================================================
    [junit] ----------------- testing Wed Jul 10 17:35:56 UTC 2019 /home/travis/build/icyphy/ptII/ptolemy/actor/lib/jjs/modules/mapManager/test/auto/entityPlacement.xml
    [junit] ----------------- Wed Jul 10 17:35:56 UTC 2019 About to sleep for 5.0 seconds before running or rerunning.  Test is: /home/travis/build/icyphy/ptII/ptolemy/actor/lib/jjs/modules/mapManager/test/auto/entityPlacement.xml
    [junit] Done sleeping
    [junit] ----------------- Instantiating /home/travis/build/icyphy/ptII/ptolemy/actor/lib/jjs/modules/mapManager/test/auto/entityPlacement.xml
    [junit] 4410 ms. Memory: 674816K Free: 499348K (74%)
    [junit] ----------------- Invoking toplevel() on ptolemy.moml.MoMLSimpleApplication@6ade72e5
    [junit] ----------------- Done invoking toplevel() on ptolemy.moml.MoMLSimpleApplication@6ade72e5
    [junit] reloadAllAccessors: .entityPlacement
    [junit] AutoTests.java: About to close Vertx.
    [junit] AutoTests.java: Vertx closed.
    [junit] Tests run: 8, Failures: 0, Errors: 0, Skipped: 0, Time elapsed: 69.477 sec
    [junit] Output:
    [junit] No tcl tests in /home/travis/build/icyphy/ptII/ptolemy/actor/lib/jjs/modules/mapManager/test
    [junit] No auto/knownFailedTests/*.xml tests in /home/travis/build/icyphy/ptII/ptolemy/actor/lib/jjs/modules/mapManager/test
    [junit] No auto/linux-amd64/*.xml tests in /home/travis/build/icyphy/ptII/ptolemy/actor/lib/jjs/modules/mapManager/test
    [junit] AutoTests.java: About to close Vertx.
    [junit] AutoTests.java: Vertx closed.
    [junit] 
    [junit] ===========================================================================================
    [junit] ----------------- testing Wed Jul 10 17:34:59 UTC 2019 /home/travis/build/icyphy/ptII/ptolemy/actor/lib/jjs/modules/mapManager/test/auto/createEntity.xml
    [junit] ----------------- Wed Jul 10 17:34:59 UTC 2019 About to sleep for 5.0 seconds before running or rerunning.  Test is: /home/travis/build/icyphy/ptII/ptolemy/actor/lib/jjs/modules/mapManager/test/auto/createEntity.xml
    [junit] Done sleeping
    [junit] ----------------- Instantiating /home/travis/build/icyphy/ptII/ptolemy/actor/lib/jjs/modules/mapManager/test/auto/createEntity.xml
    [junit] 6364 ms. Memory: 234496K Free: 109992K (47%)
    [junit] ----------------- Invoking toplevel() on ptolemy.moml.MoMLSimpleApplication@9d77b6e
    [junit] ----------------- Done invoking toplevel() on ptolemy.moml.MoMLSimpleApplication@9d77b6e
    [junit] reloadAllAccessors: .createEntity
    [junit] 
    [junit] ===========================================================================================
    [junit] ----------------- testing Wed Jul 10 17:35:17 UTC 2019 /home/travis/build/icyphy/ptII/ptolemy/actor/lib/jjs/modules/mapManager/test/auto/createEntityAliases.xml
    [junit] ----------------- Wed Jul 10 17:35:17 UTC 2019 About to sleep for 5.0 seconds before running or rerunning.  Test is: /home/travis/build/icyphy/ptII/ptolemy/actor/lib/jjs/modules/mapManager/test/auto/createEntityAliases.xml
    [junit] Done sleeping
    [junit] ----------------- Instantiating /home/travis/build/icyphy/ptII/ptolemy/actor/lib/jjs/modules/mapManager/test/auto/createEntityAliases.xml
    [junit] 5039 ms. Memory: 440320K Free: 135166K (31%)
    [junit] ----------------- Invoking toplevel() on ptolemy.moml.MoMLSimpleApplication@5873e21a
    [junit] ----------------- Done invoking toplevel() on ptolemy.moml.MoMLSimpleApplication@5873e21a
    [junit] reloadAllAccessors: .createEntityAliases
    [junit] 
    [junit] ===========================================================================================
    [junit] ----------------- testing Wed Jul 10 17:35:30 UTC 2019 /home/travis/build/icyphy/ptII/ptolemy/actor/lib/jjs/modules/mapManager/test/auto/createMap.xml
    [junit] ----------------- Wed Jul 10 17:35:30 UTC 2019 About to sleep for 5.0 seconds before running or rerunning.  Test is: /home/travis/build/icyphy/ptII/ptolemy/actor/lib/jjs/modules/mapManager/test/auto/createMap.xml
    [junit] Done sleeping
    [junit] ----------------- Instantiating /home/travis/build/icyphy/ptII/ptolemy/actor/lib/jjs/modules/mapManager/test/auto/createMap.xml
    [junit] 4804 ms. Memory: 528384K Free: 202088K (38%)
    [junit] ----------------- Invoking toplevel() on ptolemy.moml.MoMLSimpleApplication@6832e69c
    [junit] ----------------- Done invoking toplevel() on ptolemy.moml.MoMLSimpleApplication@6832e69c
    [junit] reloadAllAccessors: .createMap
    [junit] 
    [junit] ===========================================================================================
    [junit] ----------------- testing Wed Jul 10 17:35:43 UTC 2019 /home/travis/build/icyphy/ptII/ptolemy/actor/lib/jjs/modules/mapManager/test/auto/entityOccupancy.xml
    [junit] ----------------- Wed Jul 10 17:35:43 UTC 2019 About to sleep for 5.0 seconds before running or rerunning.  Test is: /home/travis/build/icyphy/ptII/ptolemy/actor/lib/jjs/modules/mapManager/test/auto/entityOccupancy.xml
    [junit] Done sleeping
    [junit] ----------------- Instantiating /home/travis/build/icyphy/ptII/ptolemy/actor/lib/jjs/modules/mapManager/test/auto/entityOccupancy.xml
    [junit] 4893 ms. Memory: 674816K Free: 452317K (67%)
    [junit] ----------------- Invoking toplevel() on ptolemy.moml.MoMLSimpleApplication@b0d4e02
    [junit] ----------------- Done invoking toplevel() on ptolemy.moml.MoMLSimpleApplication@b0d4e02
    [junit] reloadAllAccessors: .entityOccupancy
    [junit] 
    [junit] ===========================================================================================
    [junit] ----------------- testing Wed Jul 10 17:35:56 UTC 2019 /home/travis/build/icyphy/ptII/ptolemy/actor/lib/jjs/modules/mapManager/test/auto/entityPlacement.xml
    [junit] ----------------- Wed Jul 10 17:35:56 UTC 2019 About to sleep for 5.0 seconds before running or rerunning.  Test is: /home/travis/build/icyphy/ptII/ptolemy/actor/lib/jjs/modules/mapManager/test/auto/entityPlacement.xml
    [junit] Done sleeping
    [junit] ----------------- Instantiating /home/travis/build/icyphy/ptII/ptolemy/actor/lib/jjs/modules/mapManager/test/auto/entityPlacement.xml
    [junit] 4410 ms. Memory: 674816K Free: 499348K (74%)
    [junit] ----------------- Invoking toplevel() on ptolemy.moml.MoMLSimpleApplication@6ade72e5
    [junit] ----------------- Done invoking toplevel() on ptolemy.moml.MoMLSimpleApplication@6ade72e5
    [junit] reloadAllAccessors: .entityPlacement
    [junit] AutoTests.java: About to close Vertx.
    [junit] AutoTests.java: Vertx closed.
    [junit] 
    [junit] javachdir: directory = ptolemy/actor/lib/jjs/modules/mqtt/test
    [junit] javachdir: pwd: /home/travis/build/icyphy/ptII/ptolemy/actor/lib/jjs/modules/mqtt/test  Invoking with -Djava.net.preferIPv4Stack=true
    [junit] Running ptolemy.actor.lib.jjs.modules.mqtt.test.junit.JUnitTclTest
    [junit] No tcl tests in /home/travis/build/icyphy/ptII/ptolemy/actor/lib/jjs/modules/mqtt/test
    [junit] No auto/knownFailedTests/*.xml tests in /home/travis/build/icyphy/ptII/ptolemy/actor/lib/jjs/modules/mqtt/test
    [junit] No auto/linux-amd64/*.xml tests in /home/travis/build/icyphy/ptII/ptolemy/actor/lib/jjs/modules/mqtt/test
    [junit] WARNING: An illegal reflective access operation has occurred
    [junit] WARNING: Illegal reflective access by io.netty.util.internal.ReflectionUtil (file:/home/travis/build/icyphy/ptII/lib/netty-common-4.1.19.Final.jar) to constructor java.nio.DirectByteBuffer(long,int)
    [junit] WARNING: Please consider reporting this to the maintainers of io.netty.util.internal.ReflectionUtil
    [junit] WARNING: Use --illegal-access=warn to enable warnings of further illegal reflective access operations
    [junit] WARNING: All illegal access operations will be denied in a future release
    [junit] AutoTests.java: About to close Vertx.
    [junit] AutoTests.java: Vertx closed.
    [junit] 
    [junit] ===========================================================================================
    [junit] ----------------- testing Wed Jul 10 17:36:09 UTC 2019 /home/travis/build/icyphy/ptII/ptolemy/actor/lib/jjs/modules/mqtt/test/auto/MQTTPubSub.xml
    [junit] ----------------- Wed Jul 10 17:36:09 UTC 2019 About to sleep for 5.0 seconds before running or rerunning.  Test is: /home/travis/build/icyphy/ptII/ptolemy/actor/lib/jjs/modules/mqtt/test/auto/MQTTPubSub.xml
    [junit] Done sleeping
    [junit] ----------------- Instantiating /home/travis/build/icyphy/ptII/ptolemy/actor/lib/jjs/modules/mqtt/test/auto/MQTTPubSub.xml
    [junit] JSAccessor: PT_NO_NET environment variable is set, so git pull and ptdoc are not being run.
    [junit] Manager.initialize() finished: 12067 ms. Memory: 591872K Free: 322046K (54%)
    [junit] 42128 ms. Memory: 591872K Free: 280576K (47%)
    [junit] ----------------- Invoking toplevel() on ptolemy.moml.MoMLSimpleApplication@3fc6fb80
    [junit] ----------------- Done invoking toplevel() on ptolemy.moml.MoMLSimpleApplication@3fc6fb80
    [junit] reloadAllAccessors: .MQTTPubSub
    [junit] This is the first time that the reloadAllAccessors method has been invoked in this JVM, so the the accessors repo will be checked out or updated and JSDoc invoked. Note that running the tests may end up invoking a new JVM for each directory, so the repo may be checked out or updated and JSDoc invoked more than once when the tests are run.
    [junit] -------------- Reloaded accessors, but skipping rerun for now. Wed Jul 10 17:37:12 UTC 2019 /home/travis/build/icyphy/ptII/ptolemy/actor/lib/jjs/modules/mqtt/test/auto/MQTTPubSub.xml
    [junit] AutoTests.java: About to close Vertx.
    [junit] AutoTests.java: Vertx closed.
    [junit] Tests run: 4, Failures: 0, Errors: 0, Skipped: 0, Time elapsed: 63.952 sec
    [junit] Output:
    [junit] No tcl tests in /home/travis/build/icyphy/ptII/ptolemy/actor/lib/jjs/modules/mqtt/test
    [junit] No auto/knownFailedTests/*.xml tests in /home/travis/build/icyphy/ptII/ptolemy/actor/lib/jjs/modules/mqtt/test
    [junit] No auto/linux-amd64/*.xml tests in /home/travis/build/icyphy/ptII/ptolemy/actor/lib/jjs/modules/mqtt/test
    [junit] AutoTests.java: About to close Vertx.
    [junit] AutoTests.java: Vertx closed.
    [junit] 
    [junit] ===========================================================================================
    [junit] ----------------- testing Wed Jul 10 17:36:09 UTC 2019 /home/travis/build/icyphy/ptII/ptolemy/actor/lib/jjs/modules/mqtt/test/auto/MQTTPubSub.xml
    [junit] ----------------- Wed Jul 10 17:36:09 UTC 2019 About to sleep for 5.0 seconds before running or rerunning.  Test is: /home/travis/build/icyphy/ptII/ptolemy/actor/lib/jjs/modules/mqtt/test/auto/MQTTPubSub.xml
    [junit] Done sleeping
    [junit] ----------------- Instantiating /home/travis/build/icyphy/ptII/ptolemy/actor/lib/jjs/modules/mqtt/test/auto/MQTTPubSub.xml
    [junit] JSAccessor: PT_NO_NET environment variable is set, so git pull and ptdoc are not being run.
    [junit] Manager.initialize() finished: 12067 ms. Memory: 591872K Free: 322046K (54%)
    [junit] 42128 ms. Memory: 591872K Free: 280576K (47%)
    [junit] ----------------- Invoking toplevel() on ptolemy.moml.MoMLSimpleApplication@3fc6fb80
    [junit] ----------------- Done invoking toplevel() on ptolemy.moml.MoMLSimpleApplication@3fc6fb80
    [junit] reloadAllAccessors: .MQTTPubSub
    [junit] This is the first time that the reloadAllAccessors method has been invoked in this JVM, so the the accessors repo will be checked out or updated and JSDoc invoked. Note that running the tests may end up invoking a new JVM for each directory, so the repo may be checked out or updated and JSDoc invoked more than once when the tests are run.
    [junit] -------------- Reloaded accessors, but skipping rerun for now. Wed Jul 10 17:37:12 UTC 2019 /home/travis/build/icyphy/ptII/ptolemy/actor/lib/jjs/modules/mqtt/test/auto/MQTTPubSub.xml
    [junit] AutoTests.java: About to close Vertx.
    [junit] AutoTests.java: Vertx closed.
    [junit] 
    [junit] javachdir: directory = ptolemy/actor/lib/jjs/modules/objectAssign/test
    [junit] javachdir: pwd: /home/travis/build/icyphy/ptII/ptolemy/actor/lib/jjs/modules/objectAssign/test  Invoking with -Djava.net.preferIPv4Stack=true
    [junit] Running ptolemy.actor.lib.jjs.modules.objectAssign.test.junit.JUnitTclTest
    [junit] No tcl tests in /home/travis/build/icyphy/ptII/ptolemy/actor/lib/jjs/modules/objectAssign/test
    [junit] No auto/knownFailedTests/*.xml tests in /home/travis/build/icyphy/ptII/ptolemy/actor/lib/jjs/modules/objectAssign/test
    [junit] No auto/linux-amd64/*.xml tests in /home/travis/build/icyphy/ptII/ptolemy/actor/lib/jjs/modules/objectAssign/test
    [junit] WARNING: An illegal reflective access operation has occurred
    [junit] WARNING: Illegal reflective access by io.netty.util.internal.ReflectionUtil (file:/home/travis/build/icyphy/ptII/lib/netty-common-4.1.19.Final.jar) to constructor java.nio.DirectByteBuffer(long,int)
    [junit] WARNING: Please consider reporting this to the maintainers of io.netty.util.internal.ReflectionUtil
    [junit] WARNING: Use --illegal-access=warn to enable warnings of further illegal reflective access operations
    [junit] WARNING: All illegal access operations will be denied in a future release
    [junit] AutoTests.java: About to close Vertx.
    [junit] AutoTests.java: Vertx closed.
    [junit] No auto/*.xml tests in /home/travis/build/icyphy/ptII/ptolemy/actor/lib/jjs/modules/objectAssign/test
    [junit] AutoTests.java: About to close Vertx.
    [junit] AutoTests.java: Vertx closed.
    [junit] Tests run: 4, Failures: 0, Errors: 0, Skipped: 0, Time elapsed: 0.619 sec
    [junit] Output:
    [junit] No tcl tests in /home/travis/build/icyphy/ptII/ptolemy/actor/lib/jjs/modules/objectAssign/test
    [junit] No auto/knownFailedTests/*.xml tests in /home/travis/build/icyphy/ptII/ptolemy/actor/lib/jjs/modules/objectAssign/test
    [junit] No auto/linux-amd64/*.xml tests in /home/travis/build/icyphy/ptII/ptolemy/actor/lib/jjs/modules/objectAssign/test
    [junit] AutoTests.java: About to close Vertx.
    [junit] AutoTests.java: Vertx closed.
    [junit] No auto/*.xml tests in /home/travis/build/icyphy/ptII/ptolemy/actor/lib/jjs/modules/objectAssign/test
    [junit] AutoTests.java: About to close Vertx.
    [junit] AutoTests.java: Vertx closed.
    [junit] 
    [junit] javachdir: directory = ptolemy/actor/lib/jjs/modules/os/test
    [junit] javachdir: pwd: /home/travis/build/icyphy/ptII/ptolemy/actor/lib/jjs/modules/os/test  Invoking with -Djava.net.preferIPv4Stack=true
    [junit] Running ptolemy.actor.lib.jjs.modules.os.test.junit.JUnitTclTest
    [junit] No tcl tests in /home/travis/build/icyphy/ptII/ptolemy/actor/lib/jjs/modules/os/test
    [junit] No auto/knownFailedTests/*.xml tests in /home/travis/build/icyphy/ptII/ptolemy/actor/lib/jjs/modules/os/test
    [junit] No auto/linux-amd64/*.xml tests in /home/travis/build/icyphy/ptII/ptolemy/actor/lib/jjs/modules/os/test
    [junit] WARNING: An illegal reflective access operation has occurred
    [junit] WARNING: Illegal reflective access by io.netty.util.internal.ReflectionUtil (file:/home/travis/build/icyphy/ptII/lib/netty-common-4.1.19.Final.jar) to constructor java.nio.DirectByteBuffer(long,int)
    [junit] WARNING: Please consider reporting this to the maintainers of io.netty.util.internal.ReflectionUtil
    [junit] WARNING: Use --illegal-access=warn to enable warnings of further illegal reflective access operations
    [junit] WARNING: All illegal access operations will be denied in a future release
    [junit] AutoTests.java: About to close Vertx.
    [junit] AutoTests.java: Vertx closed.
    [junit] No auto/*.xml tests in /home/travis/build/icyphy/ptII/ptolemy/actor/lib/jjs/modules/os/test
    [junit] AutoTests.java: About to close Vertx.
    [junit] AutoTests.java: Vertx closed.
    [junit] Tests run: 4, Failures: 0, Errors: 0, Skipped: 0, Time elapsed: 0.571 sec
    [junit] Output:
    [junit] No tcl tests in /home/travis/build/icyphy/ptII/ptolemy/actor/lib/jjs/modules/os/test
    [junit] No auto/knownFailedTests/*.xml tests in /home/travis/build/icyphy/ptII/ptolemy/actor/lib/jjs/modules/os/test
    [junit] No auto/linux-amd64/*.xml tests in /home/travis/build/icyphy/ptII/ptolemy/actor/lib/jjs/modules/os/test
    [junit] AutoTests.java: About to close Vertx.
    [junit] AutoTests.java: Vertx closed.
    [junit] No auto/*.xml tests in /home/travis/build/icyphy/ptII/ptolemy/actor/lib/jjs/modules/os/test
    [junit] AutoTests.java: About to close Vertx.
    [junit] AutoTests.java: Vertx closed.
    [junit] 
    [junit] javachdir: directory = ptolemy/actor/lib/jjs/modules/process/test
    [junit] javachdir: pwd: /home/travis/build/icyphy/ptII/ptolemy/actor/lib/jjs/modules/process/test  Invoking with -Djava.net.preferIPv4Stack=true
    [junit] Running ptolemy.actor.lib.jjs.modules.process.test.junit.JUnitTclTest
    [junit] No tcl tests in /home/travis/build/icyphy/ptII/ptolemy/actor/lib/jjs/modules/process/test
    [junit] No auto/knownFailedTests/*.xml tests in /home/travis/build/icyphy/ptII/ptolemy/actor/lib/jjs/modules/process/test
    [junit] No auto/linux-amd64/*.xml tests in /home/travis/build/icyphy/ptII/ptolemy/actor/lib/jjs/modules/process/test
    [junit] WARNING: An illegal reflective access operation has occurred
    [junit] WARNING: Illegal reflective access by io.netty.util.internal.ReflectionUtil (file:/home/travis/build/icyphy/ptII/lib/netty-common-4.1.19.Final.jar) to constructor java.nio.DirectByteBuffer(long,int)
    [junit] WARNING: Please consider reporting this to the maintainers of io.netty.util.internal.ReflectionUtil
    [junit] WARNING: Use --illegal-access=warn to enable warnings of further illegal reflective access operations
    [junit] WARNING: All illegal access operations will be denied in a future release
    [junit] AutoTests.java: About to close Vertx.
    [junit] AutoTests.java: Vertx closed.
    [junit] No auto/*.xml tests in /home/travis/build/icyphy/ptII/ptolemy/actor/lib/jjs/modules/process/test
    [junit] AutoTests.java: About to close Vertx.
    [junit] AutoTests.java: Vertx closed.
    [junit] Tests run: 4, Failures: 0, Errors: 0, Skipped: 0, Time elapsed: 0.696 sec
    [junit] Output:
    [junit] No tcl tests in /home/travis/build/icyphy/ptII/ptolemy/actor/lib/jjs/modules/process/test
    [junit] No auto/knownFailedTests/*.xml tests in /home/travis/build/icyphy/ptII/ptolemy/actor/lib/jjs/modules/process/test
    [junit] No auto/linux-amd64/*.xml tests in /home/travis/build/icyphy/ptII/ptolemy/actor/lib/jjs/modules/process/test
    [junit] AutoTests.java: About to close Vertx.
    [junit] AutoTests.java: Vertx closed.
    [junit] No auto/*.xml tests in /home/travis/build/icyphy/ptII/ptolemy/actor/lib/jjs/modules/process/test
    [junit] AutoTests.java: About to close Vertx.
    [junit] AutoTests.java: Vertx closed.
    [junit] 

BUILD SUCCESSFUL
Total time: 11 minutes 54 seconds
